#! /usr/bin/vvp
:ivl_version "10.3 (stable)";
:ivl_delay_selection "TYPICAL";
:vpi_time_precision - 12;
:vpi_module "system";
:vpi_module "vhdl_sys";
:vpi_module "v2005_math";
:vpi_module "va_math";
S_0x563ce571f920 .scope module, "and64_tb" "and64_tb" 2 3;
 .timescale -9 -12;
v0x563ce574cc70_0 .var/s "p", 63 0;
v0x563ce574cd60_0 .var/s "q", 63 0;
v0x563ce574ce30_0 .net/s "r", 63 0, L_0x563ce5760ec0;  1 drivers
S_0x563ce571f590 .scope module, "inst" "and64" 2 8, 3 3 0, S_0x563ce571f920;
 .timescale -9 -12;
    .port_info 0 /INPUT 64 "p"
    .port_info 1 /INPUT 64 "q"
    .port_info 2 /OUTPUT 64 "r"
v0x563ce574c940_0 .net/s "p", 63 0, v0x563ce574cc70_0;  1 drivers
v0x563ce574ca20_0 .net/s "q", 63 0, v0x563ce574cd60_0;  1 drivers
v0x563ce574cb00_0 .net/s "r", 63 0, L_0x563ce5760ec0;  alias, 1 drivers
L_0x563ce574d030 .part v0x563ce574cc70_0, 0, 1;
L_0x563ce574d170 .part v0x563ce574cd60_0, 0, 1;
L_0x563ce574d320 .part v0x563ce574cc70_0, 1, 1;
L_0x563ce574d410 .part v0x563ce574cd60_0, 1, 1;
L_0x563ce574d5a0 .part v0x563ce574cc70_0, 2, 1;
L_0x563ce574d690 .part v0x563ce574cd60_0, 2, 1;
L_0x563ce574d7e0 .part v0x563ce574cc70_0, 3, 1;
L_0x563ce574d880 .part v0x563ce574cd60_0, 3, 1;
L_0x563ce574da60 .part v0x563ce574cc70_0, 4, 1;
L_0x563ce574db50 .part v0x563ce574cd60_0, 4, 1;
L_0x563ce574dd40 .part v0x563ce574cc70_0, 5, 1;
L_0x563ce574dde0 .part v0x563ce574cd60_0, 5, 1;
L_0x563ce574dfe0 .part v0x563ce574cc70_0, 6, 1;
L_0x563ce574e0d0 .part v0x563ce574cd60_0, 6, 1;
L_0x563ce574e270 .part v0x563ce574cc70_0, 7, 1;
L_0x563ce574e360 .part v0x563ce574cd60_0, 7, 1;
L_0x563ce574e580 .part v0x563ce574cc70_0, 8, 1;
L_0x563ce574e670 .part v0x563ce574cd60_0, 8, 1;
L_0x563ce574e8a0 .part v0x563ce574cc70_0, 9, 1;
L_0x563ce574e990 .part v0x563ce574cd60_0, 9, 1;
L_0x563ce574e760 .part v0x563ce574cc70_0, 10, 1;
L_0x563ce574ec20 .part v0x563ce574cd60_0, 10, 1;
L_0x563ce574ee70 .part v0x563ce574cc70_0, 11, 1;
L_0x563ce574ef60 .part v0x563ce574cd60_0, 11, 1;
L_0x563ce574f1c0 .part v0x563ce574cc70_0, 12, 1;
L_0x563ce574f2b0 .part v0x563ce574cd60_0, 12, 1;
L_0x563ce574f520 .part v0x563ce574cc70_0, 13, 1;
L_0x563ce574f610 .part v0x563ce574cd60_0, 13, 1;
L_0x563ce574f890 .part v0x563ce574cc70_0, 14, 1;
L_0x563ce574fb90 .part v0x563ce574cd60_0, 14, 1;
L_0x563ce5750030 .part v0x563ce574cc70_0, 15, 1;
L_0x563ce5750120 .part v0x563ce574cd60_0, 15, 1;
L_0x563ce57503c0 .part v0x563ce574cc70_0, 16, 1;
L_0x563ce57504b0 .part v0x563ce574cd60_0, 16, 1;
L_0x563ce5750760 .part v0x563ce574cc70_0, 17, 1;
L_0x563ce5750850 .part v0x563ce574cd60_0, 17, 1;
L_0x563ce5750a70 .part v0x563ce574cc70_0, 18, 1;
L_0x563ce5750b10 .part v0x563ce574cd60_0, 18, 1;
L_0x563ce5750db0 .part v0x563ce574cc70_0, 19, 1;
L_0x563ce5750ea0 .part v0x563ce574cd60_0, 19, 1;
L_0x563ce5751180 .part v0x563ce574cc70_0, 20, 1;
L_0x563ce5751270 .part v0x563ce574cd60_0, 20, 1;
L_0x563ce5751560 .part v0x563ce574cc70_0, 21, 1;
L_0x563ce5751650 .part v0x563ce574cd60_0, 21, 1;
L_0x563ce5751950 .part v0x563ce574cc70_0, 22, 1;
L_0x563ce5751a40 .part v0x563ce574cd60_0, 22, 1;
L_0x563ce5751d50 .part v0x563ce574cc70_0, 23, 1;
L_0x563ce5751e40 .part v0x563ce574cd60_0, 23, 1;
L_0x563ce5752160 .part v0x563ce574cc70_0, 24, 1;
L_0x563ce5752250 .part v0x563ce574cd60_0, 24, 1;
L_0x563ce5752580 .part v0x563ce574cc70_0, 25, 1;
L_0x563ce5752670 .part v0x563ce574cd60_0, 25, 1;
L_0x563ce57529b0 .part v0x563ce574cc70_0, 26, 1;
L_0x563ce5752aa0 .part v0x563ce574cd60_0, 26, 1;
L_0x563ce5752df0 .part v0x563ce574cc70_0, 27, 1;
L_0x563ce5752ee0 .part v0x563ce574cd60_0, 27, 1;
L_0x563ce5753240 .part v0x563ce574cc70_0, 28, 1;
L_0x563ce5753330 .part v0x563ce574cd60_0, 28, 1;
L_0x563ce57536a0 .part v0x563ce574cc70_0, 29, 1;
L_0x563ce5753790 .part v0x563ce574cd60_0, 29, 1;
L_0x563ce5753b10 .part v0x563ce574cc70_0, 30, 1;
L_0x563ce5754010 .part v0x563ce574cd60_0, 30, 1;
L_0x563ce57547b0 .part v0x563ce574cc70_0, 31, 1;
L_0x563ce57548a0 .part v0x563ce574cd60_0, 31, 1;
L_0x563ce5754c40 .part v0x563ce574cc70_0, 32, 1;
L_0x563ce5754d30 .part v0x563ce574cd60_0, 32, 1;
L_0x563ce57550e0 .part v0x563ce574cc70_0, 33, 1;
L_0x563ce57551d0 .part v0x563ce574cd60_0, 33, 1;
L_0x563ce5755590 .part v0x563ce574cc70_0, 34, 1;
L_0x563ce5755680 .part v0x563ce574cd60_0, 34, 1;
L_0x563ce5755a50 .part v0x563ce574cc70_0, 35, 1;
L_0x563ce5755b40 .part v0x563ce574cd60_0, 35, 1;
L_0x563ce5755f20 .part v0x563ce574cc70_0, 36, 1;
L_0x563ce5756010 .part v0x563ce574cd60_0, 36, 1;
L_0x563ce5756400 .part v0x563ce574cc70_0, 37, 1;
L_0x563ce57564f0 .part v0x563ce574cd60_0, 37, 1;
L_0x563ce57568f0 .part v0x563ce574cc70_0, 38, 1;
L_0x563ce57569e0 .part v0x563ce574cd60_0, 38, 1;
L_0x563ce5756df0 .part v0x563ce574cc70_0, 39, 1;
L_0x563ce5756ee0 .part v0x563ce574cd60_0, 39, 1;
L_0x563ce5757300 .part v0x563ce574cc70_0, 40, 1;
L_0x563ce57573f0 .part v0x563ce574cd60_0, 40, 1;
L_0x563ce5757820 .part v0x563ce574cc70_0, 41, 1;
L_0x563ce5757910 .part v0x563ce574cd60_0, 41, 1;
L_0x563ce5757d50 .part v0x563ce574cc70_0, 42, 1;
L_0x563ce5757e40 .part v0x563ce574cd60_0, 42, 1;
L_0x563ce5758290 .part v0x563ce574cc70_0, 43, 1;
L_0x563ce5758380 .part v0x563ce574cd60_0, 43, 1;
L_0x563ce57587e0 .part v0x563ce574cc70_0, 44, 1;
L_0x563ce57588d0 .part v0x563ce574cd60_0, 44, 1;
L_0x563ce5758d40 .part v0x563ce574cc70_0, 45, 1;
L_0x563ce5758e30 .part v0x563ce574cd60_0, 45, 1;
L_0x563ce57592b0 .part v0x563ce574cc70_0, 46, 1;
L_0x563ce57593a0 .part v0x563ce574cd60_0, 46, 1;
L_0x563ce5759830 .part v0x563ce574cc70_0, 47, 1;
L_0x563ce5759920 .part v0x563ce574cd60_0, 47, 1;
L_0x563ce5759dc0 .part v0x563ce574cc70_0, 48, 1;
L_0x563ce5759eb0 .part v0x563ce574cd60_0, 48, 1;
L_0x563ce575a360 .part v0x563ce574cc70_0, 49, 1;
L_0x563ce575a450 .part v0x563ce574cd60_0, 49, 1;
L_0x563ce575a910 .part v0x563ce574cc70_0, 50, 1;
L_0x563ce575aa00 .part v0x563ce574cd60_0, 50, 1;
L_0x563ce575aed0 .part v0x563ce574cc70_0, 51, 1;
L_0x563ce575afc0 .part v0x563ce574cd60_0, 51, 1;
L_0x563ce575b4a0 .part v0x563ce574cc70_0, 52, 1;
L_0x563ce575b590 .part v0x563ce574cd60_0, 52, 1;
L_0x563ce575ba80 .part v0x563ce574cc70_0, 53, 1;
L_0x563ce575bb70 .part v0x563ce574cd60_0, 53, 1;
L_0x563ce575c070 .part v0x563ce574cc70_0, 54, 1;
L_0x563ce575c160 .part v0x563ce574cd60_0, 54, 1;
L_0x563ce575c670 .part v0x563ce574cc70_0, 55, 1;
L_0x563ce575c760 .part v0x563ce574cd60_0, 55, 1;
L_0x563ce575cc80 .part v0x563ce574cc70_0, 56, 1;
L_0x563ce575cd70 .part v0x563ce574cd60_0, 56, 1;
L_0x563ce575d2a0 .part v0x563ce574cc70_0, 57, 1;
L_0x563ce575d390 .part v0x563ce574cd60_0, 57, 1;
L_0x563ce575d8d0 .part v0x563ce574cc70_0, 58, 1;
L_0x563ce575d9c0 .part v0x563ce574cd60_0, 58, 1;
L_0x563ce575df10 .part v0x563ce574cc70_0, 59, 1;
L_0x563ce575e000 .part v0x563ce574cd60_0, 59, 1;
L_0x563ce575e560 .part v0x563ce574cc70_0, 60, 1;
L_0x563ce575e650 .part v0x563ce574cd60_0, 60, 1;
L_0x563ce575ebc0 .part v0x563ce574cc70_0, 61, 1;
L_0x563ce575ecb0 .part v0x563ce574cd60_0, 61, 1;
L_0x563ce575f230 .part v0x563ce574cc70_0, 62, 1;
L_0x563ce575fb30 .part v0x563ce574cd60_0, 62, 1;
L_0x563ce57608d0 .part v0x563ce574cc70_0, 63, 1;
L_0x563ce57609c0 .part v0x563ce574cd60_0, 63, 1;
LS_0x563ce5760ec0_0_0 .concat8 [ 1 1 1 1], L_0x563ce574cf30, L_0x563ce574d2b0, L_0x563ce574d530, L_0x563ce574d770;
LS_0x563ce5760ec0_0_4 .concat8 [ 1 1 1 1], L_0x563ce574d9c0, L_0x563ce574dca0, L_0x563ce574df40, L_0x563ce574ded0;
LS_0x563ce5760ec0_0_8 .concat8 [ 1 1 1 1], L_0x563ce574e4e0, L_0x563ce574e800, L_0x563ce574eb30, L_0x563ce574edd0;
LS_0x563ce5760ec0_0_12 .concat8 [ 1 1 1 1], L_0x563ce574f120, L_0x563ce574f480, L_0x563ce574f7f0, L_0x563ce574ff90;
LS_0x563ce5760ec0_0_16 .concat8 [ 1 1 1 1], L_0x563ce5750320, L_0x563ce57506c0, L_0x563ce57505a0, L_0x563ce5750d40;
LS_0x563ce5760ec0_0_20 .concat8 [ 1 1 1 1], L_0x563ce57510e0, L_0x563ce57514c0, L_0x563ce57518b0, L_0x563ce5751cb0;
LS_0x563ce5760ec0_0_24 .concat8 [ 1 1 1 1], L_0x563ce57520c0, L_0x563ce57524e0, L_0x563ce5752910, L_0x563ce5752d50;
LS_0x563ce5760ec0_0_28 .concat8 [ 1 1 1 1], L_0x563ce57531a0, L_0x563ce5753600, L_0x563ce5753a70, L_0x563ce5754710;
LS_0x563ce5760ec0_0_32 .concat8 [ 1 1 1 1], L_0x563ce5754ba0, L_0x563ce5755040, L_0x563ce57554f0, L_0x563ce57559b0;
LS_0x563ce5760ec0_0_36 .concat8 [ 1 1 1 1], L_0x563ce5755e80, L_0x563ce5756360, L_0x563ce5756850, L_0x563ce5756d50;
LS_0x563ce5760ec0_0_40 .concat8 [ 1 1 1 1], L_0x563ce5757260, L_0x563ce5757780, L_0x563ce5757cb0, L_0x563ce57581f0;
LS_0x563ce5760ec0_0_44 .concat8 [ 1 1 1 1], L_0x563ce5758740, L_0x563ce5758ca0, L_0x563ce5759210, L_0x563ce5759790;
LS_0x563ce5760ec0_0_48 .concat8 [ 1 1 1 1], L_0x563ce5759d20, L_0x563ce575a2c0, L_0x563ce575a870, L_0x563ce575ae30;
LS_0x563ce5760ec0_0_52 .concat8 [ 1 1 1 1], L_0x563ce575b400, L_0x563ce575b9e0, L_0x563ce575bfd0, L_0x563ce575c5d0;
LS_0x563ce5760ec0_0_56 .concat8 [ 1 1 1 1], L_0x563ce575cbe0, L_0x563ce575d200, L_0x563ce575d830, L_0x563ce575de70;
LS_0x563ce5760ec0_0_60 .concat8 [ 1 1 1 1], L_0x563ce575e4c0, L_0x563ce575eb20, L_0x563ce575f190, L_0x563ce5760830;
LS_0x563ce5760ec0_1_0 .concat8 [ 4 4 4 4], LS_0x563ce5760ec0_0_0, LS_0x563ce5760ec0_0_4, LS_0x563ce5760ec0_0_8, LS_0x563ce5760ec0_0_12;
LS_0x563ce5760ec0_1_4 .concat8 [ 4 4 4 4], LS_0x563ce5760ec0_0_16, LS_0x563ce5760ec0_0_20, LS_0x563ce5760ec0_0_24, LS_0x563ce5760ec0_0_28;
LS_0x563ce5760ec0_1_8 .concat8 [ 4 4 4 4], LS_0x563ce5760ec0_0_32, LS_0x563ce5760ec0_0_36, LS_0x563ce5760ec0_0_40, LS_0x563ce5760ec0_0_44;
LS_0x563ce5760ec0_1_12 .concat8 [ 4 4 4 4], LS_0x563ce5760ec0_0_48, LS_0x563ce5760ec0_0_52, LS_0x563ce5760ec0_0_56, LS_0x563ce5760ec0_0_60;
L_0x563ce5760ec0 .concat8 [ 16 16 16 16], LS_0x563ce5760ec0_1_0, LS_0x563ce5760ec0_1_4, LS_0x563ce5760ec0_1_8, LS_0x563ce5760ec0_1_12;
S_0x563ce571ecd0 .scope generate, "genblk1[0]" "genblk1[0]" 3 10, 3 10 0, S_0x563ce571f590;
 .timescale -9 -12;
P_0x563ce5711320 .param/l "idx" 0 3 10, +C4<00>;
S_0x563ce571e940 .scope module, "gate1" "andg" 3 11, 4 3 0, S_0x563ce571ecd0;
 .timescale -9 -12;
    .port_info 0 /INPUT 1 "p"
    .port_info 1 /INPUT 1 "q"
    .port_info 2 /OUTPUT 1 "r"
L_0x563ce574cf30 .functor AND 1, L_0x563ce574d030, L_0x563ce574d170, C4<1>, C4<1>;
v0x563ce56f4200_0 .net "p", 0 0, L_0x563ce574d030;  1 drivers
v0x563ce56f35d0_0 .net "q", 0 0, L_0x563ce574d170;  1 drivers
v0x563ce56f29a0_0 .net "r", 0 0, L_0x563ce574cf30;  1 drivers
S_0x563ce572dc80 .scope generate, "genblk1[1]" "genblk1[1]" 3 10, 3 10 0, S_0x563ce571f590;
 .timescale -9 -12;
P_0x563ce572de70 .param/l "idx" 0 3 10, +C4<01>;
S_0x563ce572df30 .scope module, "gate1" "andg" 3 11, 4 3 0, S_0x563ce572dc80;
 .timescale -9 -12;
    .port_info 0 /INPUT 1 "p"
    .port_info 1 /INPUT 1 "q"
    .port_info 2 /OUTPUT 1 "r"
L_0x563ce574d2b0 .functor AND 1, L_0x563ce574d320, L_0x563ce574d410, C4<1>, C4<1>;
v0x563ce56f1d70_0 .net "p", 0 0, L_0x563ce574d320;  1 drivers
v0x563ce56f1140_0 .net "q", 0 0, L_0x563ce574d410;  1 drivers
v0x563ce56f0510_0 .net "r", 0 0, L_0x563ce574d2b0;  1 drivers
S_0x563ce572e250 .scope generate, "genblk1[2]" "genblk1[2]" 3 10, 3 10 0, S_0x563ce571f590;
 .timescale -9 -12;
P_0x563ce572e420 .param/l "idx" 0 3 10, +C4<010>;
S_0x563ce572e4e0 .scope module, "gate1" "andg" 3 11, 4 3 0, S_0x563ce572e250;
 .timescale -9 -12;
    .port_info 0 /INPUT 1 "p"
    .port_info 1 /INPUT 1 "q"
    .port_info 2 /OUTPUT 1 "r"
L_0x563ce574d530 .functor AND 1, L_0x563ce574d5a0, L_0x563ce574d690, C4<1>, C4<1>;
v0x563ce56ef6a0_0 .net "p", 0 0, L_0x563ce574d5a0;  1 drivers
v0x563ce572e760_0 .net "q", 0 0, L_0x563ce574d690;  1 drivers
v0x563ce572e820_0 .net "r", 0 0, L_0x563ce574d530;  1 drivers
S_0x563ce572e940 .scope generate, "genblk1[3]" "genblk1[3]" 3 10, 3 10 0, S_0x563ce571f590;
 .timescale -9 -12;
P_0x563ce572eb10 .param/l "idx" 0 3 10, +C4<011>;
S_0x563ce572ebf0 .scope module, "gate1" "andg" 3 11, 4 3 0, S_0x563ce572e940;
 .timescale -9 -12;
    .port_info 0 /INPUT 1 "p"
    .port_info 1 /INPUT 1 "q"
    .port_info 2 /OUTPUT 1 "r"
L_0x563ce574d770 .functor AND 1, L_0x563ce574d7e0, L_0x563ce574d880, C4<1>, C4<1>;
v0x563ce572ee30_0 .net "p", 0 0, L_0x563ce574d7e0;  1 drivers
v0x563ce572ef10_0 .net "q", 0 0, L_0x563ce574d880;  1 drivers
v0x563ce572efd0_0 .net "r", 0 0, L_0x563ce574d770;  1 drivers
S_0x563ce572f0f0 .scope generate, "genblk1[4]" "genblk1[4]" 3 10, 3 10 0, S_0x563ce571f590;
 .timescale -9 -12;
P_0x563ce572f310 .param/l "idx" 0 3 10, +C4<0100>;
S_0x563ce572f3f0 .scope module, "gate1" "andg" 3 11, 4 3 0, S_0x563ce572f0f0;
 .timescale -9 -12;
    .port_info 0 /INPUT 1 "p"
    .port_info 1 /INPUT 1 "q"
    .port_info 2 /OUTPUT 1 "r"
L_0x563ce574d9c0 .functor AND 1, L_0x563ce574da60, L_0x563ce574db50, C4<1>, C4<1>;
v0x563ce572f630_0 .net "p", 0 0, L_0x563ce574da60;  1 drivers
v0x563ce572f710_0 .net "q", 0 0, L_0x563ce574db50;  1 drivers
v0x563ce572f7d0_0 .net "r", 0 0, L_0x563ce574d9c0;  1 drivers
S_0x563ce572f8f0 .scope generate, "genblk1[5]" "genblk1[5]" 3 10, 3 10 0, S_0x563ce571f590;
 .timescale -9 -12;
P_0x563ce572fac0 .param/l "idx" 0 3 10, +C4<0101>;
S_0x563ce572fba0 .scope module, "gate1" "andg" 3 11, 4 3 0, S_0x563ce572f8f0;
 .timescale -9 -12;
    .port_info 0 /INPUT 1 "p"
    .port_info 1 /INPUT 1 "q"
    .port_info 2 /OUTPUT 1 "r"
L_0x563ce574dca0 .functor AND 1, L_0x563ce574dd40, L_0x563ce574dde0, C4<1>, C4<1>;
v0x563ce572fde0_0 .net "p", 0 0, L_0x563ce574dd40;  1 drivers
v0x563ce572fec0_0 .net "q", 0 0, L_0x563ce574dde0;  1 drivers
v0x563ce572ff80_0 .net "r", 0 0, L_0x563ce574dca0;  1 drivers
S_0x563ce57300d0 .scope generate, "genblk1[6]" "genblk1[6]" 3 10, 3 10 0, S_0x563ce571f590;
 .timescale -9 -12;
P_0x563ce57302a0 .param/l "idx" 0 3 10, +C4<0110>;
S_0x563ce5730380 .scope module, "gate1" "andg" 3 11, 4 3 0, S_0x563ce57300d0;
 .timescale -9 -12;
    .port_info 0 /INPUT 1 "p"
    .port_info 1 /INPUT 1 "q"
    .port_info 2 /OUTPUT 1 "r"
L_0x563ce574df40 .functor AND 1, L_0x563ce574dfe0, L_0x563ce574e0d0, C4<1>, C4<1>;
v0x563ce57305c0_0 .net "p", 0 0, L_0x563ce574dfe0;  1 drivers
v0x563ce57306a0_0 .net "q", 0 0, L_0x563ce574e0d0;  1 drivers
v0x563ce5730760_0 .net "r", 0 0, L_0x563ce574df40;  1 drivers
S_0x563ce57308b0 .scope generate, "genblk1[7]" "genblk1[7]" 3 10, 3 10 0, S_0x563ce571f590;
 .timescale -9 -12;
P_0x563ce5730a80 .param/l "idx" 0 3 10, +C4<0111>;
S_0x563ce5730b60 .scope module, "gate1" "andg" 3 11, 4 3 0, S_0x563ce57308b0;
 .timescale -9 -12;
    .port_info 0 /INPUT 1 "p"
    .port_info 1 /INPUT 1 "q"
    .port_info 2 /OUTPUT 1 "r"
L_0x563ce574ded0 .functor AND 1, L_0x563ce574e270, L_0x563ce574e360, C4<1>, C4<1>;
v0x563ce5730da0_0 .net "p", 0 0, L_0x563ce574e270;  1 drivers
v0x563ce5730e80_0 .net "q", 0 0, L_0x563ce574e360;  1 drivers
v0x563ce5730f40_0 .net "r", 0 0, L_0x563ce574ded0;  1 drivers
S_0x563ce5731090 .scope generate, "genblk1[8]" "genblk1[8]" 3 10, 3 10 0, S_0x563ce571f590;
 .timescale -9 -12;
P_0x563ce572f2c0 .param/l "idx" 0 3 10, +C4<01000>;
S_0x563ce57312f0 .scope module, "gate1" "andg" 3 11, 4 3 0, S_0x563ce5731090;
 .timescale -9 -12;
    .port_info 0 /INPUT 1 "p"
    .port_info 1 /INPUT 1 "q"
    .port_info 2 /OUTPUT 1 "r"
L_0x563ce574e4e0 .functor AND 1, L_0x563ce574e580, L_0x563ce574e670, C4<1>, C4<1>;
v0x563ce5731530_0 .net "p", 0 0, L_0x563ce574e580;  1 drivers
v0x563ce5731610_0 .net "q", 0 0, L_0x563ce574e670;  1 drivers
v0x563ce57316d0_0 .net "r", 0 0, L_0x563ce574e4e0;  1 drivers
S_0x563ce5731820 .scope generate, "genblk1[9]" "genblk1[9]" 3 10, 3 10 0, S_0x563ce571f590;
 .timescale -9 -12;
P_0x563ce57319f0 .param/l "idx" 0 3 10, +C4<01001>;
S_0x563ce5731ad0 .scope module, "gate1" "andg" 3 11, 4 3 0, S_0x563ce5731820;
 .timescale -9 -12;
    .port_info 0 /INPUT 1 "p"
    .port_info 1 /INPUT 1 "q"
    .port_info 2 /OUTPUT 1 "r"
L_0x563ce574e800 .functor AND 1, L_0x563ce574e8a0, L_0x563ce574e990, C4<1>, C4<1>;
v0x563ce5731d10_0 .net "p", 0 0, L_0x563ce574e8a0;  1 drivers
v0x563ce5731df0_0 .net "q", 0 0, L_0x563ce574e990;  1 drivers
v0x563ce5731eb0_0 .net "r", 0 0, L_0x563ce574e800;  1 drivers
S_0x563ce5732000 .scope generate, "genblk1[10]" "genblk1[10]" 3 10, 3 10 0, S_0x563ce571f590;
 .timescale -9 -12;
P_0x563ce57321d0 .param/l "idx" 0 3 10, +C4<01010>;
S_0x563ce57322b0 .scope module, "gate1" "andg" 3 11, 4 3 0, S_0x563ce5732000;
 .timescale -9 -12;
    .port_info 0 /INPUT 1 "p"
    .port_info 1 /INPUT 1 "q"
    .port_info 2 /OUTPUT 1 "r"
L_0x563ce574eb30 .functor AND 1, L_0x563ce574e760, L_0x563ce574ec20, C4<1>, C4<1>;
v0x563ce57324f0_0 .net "p", 0 0, L_0x563ce574e760;  1 drivers
v0x563ce57325d0_0 .net "q", 0 0, L_0x563ce574ec20;  1 drivers
v0x563ce5732690_0 .net "r", 0 0, L_0x563ce574eb30;  1 drivers
S_0x563ce57327e0 .scope generate, "genblk1[11]" "genblk1[11]" 3 10, 3 10 0, S_0x563ce571f590;
 .timescale -9 -12;
P_0x563ce57329b0 .param/l "idx" 0 3 10, +C4<01011>;
S_0x563ce5732a90 .scope module, "gate1" "andg" 3 11, 4 3 0, S_0x563ce57327e0;
 .timescale -9 -12;
    .port_info 0 /INPUT 1 "p"
    .port_info 1 /INPUT 1 "q"
    .port_info 2 /OUTPUT 1 "r"
L_0x563ce574edd0 .functor AND 1, L_0x563ce574ee70, L_0x563ce574ef60, C4<1>, C4<1>;
v0x563ce5732cd0_0 .net "p", 0 0, L_0x563ce574ee70;  1 drivers
v0x563ce5732db0_0 .net "q", 0 0, L_0x563ce574ef60;  1 drivers
v0x563ce5732e70_0 .net "r", 0 0, L_0x563ce574edd0;  1 drivers
S_0x563ce5732fc0 .scope generate, "genblk1[12]" "genblk1[12]" 3 10, 3 10 0, S_0x563ce571f590;
 .timescale -9 -12;
P_0x563ce5733190 .param/l "idx" 0 3 10, +C4<01100>;
S_0x563ce5733270 .scope module, "gate1" "andg" 3 11, 4 3 0, S_0x563ce5732fc0;
 .timescale -9 -12;
    .port_info 0 /INPUT 1 "p"
    .port_info 1 /INPUT 1 "q"
    .port_info 2 /OUTPUT 1 "r"
L_0x563ce574f120 .functor AND 1, L_0x563ce574f1c0, L_0x563ce574f2b0, C4<1>, C4<1>;
v0x563ce57334b0_0 .net "p", 0 0, L_0x563ce574f1c0;  1 drivers
v0x563ce5733590_0 .net "q", 0 0, L_0x563ce574f2b0;  1 drivers
v0x563ce5733650_0 .net "r", 0 0, L_0x563ce574f120;  1 drivers
S_0x563ce57337a0 .scope generate, "genblk1[13]" "genblk1[13]" 3 10, 3 10 0, S_0x563ce571f590;
 .timescale -9 -12;
P_0x563ce5733970 .param/l "idx" 0 3 10, +C4<01101>;
S_0x563ce5733a50 .scope module, "gate1" "andg" 3 11, 4 3 0, S_0x563ce57337a0;
 .timescale -9 -12;
    .port_info 0 /INPUT 1 "p"
    .port_info 1 /INPUT 1 "q"
    .port_info 2 /OUTPUT 1 "r"
L_0x563ce574f480 .functor AND 1, L_0x563ce574f520, L_0x563ce574f610, C4<1>, C4<1>;
v0x563ce5733c90_0 .net "p", 0 0, L_0x563ce574f520;  1 drivers
v0x563ce5733d70_0 .net "q", 0 0, L_0x563ce574f610;  1 drivers
v0x563ce5733e30_0 .net "r", 0 0, L_0x563ce574f480;  1 drivers
S_0x563ce5733f80 .scope generate, "genblk1[14]" "genblk1[14]" 3 10, 3 10 0, S_0x563ce571f590;
 .timescale -9 -12;
P_0x563ce5734150 .param/l "idx" 0 3 10, +C4<01110>;
S_0x563ce5734230 .scope module, "gate1" "andg" 3 11, 4 3 0, S_0x563ce5733f80;
 .timescale -9 -12;
    .port_info 0 /INPUT 1 "p"
    .port_info 1 /INPUT 1 "q"
    .port_info 2 /OUTPUT 1 "r"
L_0x563ce574f7f0 .functor AND 1, L_0x563ce574f890, L_0x563ce574fb90, C4<1>, C4<1>;
v0x563ce5734470_0 .net "p", 0 0, L_0x563ce574f890;  1 drivers
v0x563ce5734550_0 .net "q", 0 0, L_0x563ce574fb90;  1 drivers
v0x563ce5734610_0 .net "r", 0 0, L_0x563ce574f7f0;  1 drivers
S_0x563ce5734760 .scope generate, "genblk1[15]" "genblk1[15]" 3 10, 3 10 0, S_0x563ce571f590;
 .timescale -9 -12;
P_0x563ce5734930 .param/l "idx" 0 3 10, +C4<01111>;
S_0x563ce5734a10 .scope module, "gate1" "andg" 3 11, 4 3 0, S_0x563ce5734760;
 .timescale -9 -12;
    .port_info 0 /INPUT 1 "p"
    .port_info 1 /INPUT 1 "q"
    .port_info 2 /OUTPUT 1 "r"
L_0x563ce574ff90 .functor AND 1, L_0x563ce5750030, L_0x563ce5750120, C4<1>, C4<1>;
v0x563ce5734c50_0 .net "p", 0 0, L_0x563ce5750030;  1 drivers
v0x563ce5734d30_0 .net "q", 0 0, L_0x563ce5750120;  1 drivers
v0x563ce5734df0_0 .net "r", 0 0, L_0x563ce574ff90;  1 drivers
S_0x563ce5734f40 .scope generate, "genblk1[16]" "genblk1[16]" 3 10, 3 10 0, S_0x563ce571f590;
 .timescale -9 -12;
P_0x563ce5735110 .param/l "idx" 0 3 10, +C4<010000>;
S_0x563ce57351f0 .scope module, "gate1" "andg" 3 11, 4 3 0, S_0x563ce5734f40;
 .timescale -9 -12;
    .port_info 0 /INPUT 1 "p"
    .port_info 1 /INPUT 1 "q"
    .port_info 2 /OUTPUT 1 "r"
L_0x563ce5750320 .functor AND 1, L_0x563ce57503c0, L_0x563ce57504b0, C4<1>, C4<1>;
v0x563ce5735430_0 .net "p", 0 0, L_0x563ce57503c0;  1 drivers
v0x563ce5735510_0 .net "q", 0 0, L_0x563ce57504b0;  1 drivers
v0x563ce57355d0_0 .net "r", 0 0, L_0x563ce5750320;  1 drivers
S_0x563ce5735720 .scope generate, "genblk1[17]" "genblk1[17]" 3 10, 3 10 0, S_0x563ce571f590;
 .timescale -9 -12;
P_0x563ce57358f0 .param/l "idx" 0 3 10, +C4<010001>;
S_0x563ce57359d0 .scope module, "gate1" "andg" 3 11, 4 3 0, S_0x563ce5735720;
 .timescale -9 -12;
    .port_info 0 /INPUT 1 "p"
    .port_info 1 /INPUT 1 "q"
    .port_info 2 /OUTPUT 1 "r"
L_0x563ce57506c0 .functor AND 1, L_0x563ce5750760, L_0x563ce5750850, C4<1>, C4<1>;
v0x563ce5735c10_0 .net "p", 0 0, L_0x563ce5750760;  1 drivers
v0x563ce5735cf0_0 .net "q", 0 0, L_0x563ce5750850;  1 drivers
v0x563ce5735db0_0 .net "r", 0 0, L_0x563ce57506c0;  1 drivers
S_0x563ce5735f00 .scope generate, "genblk1[18]" "genblk1[18]" 3 10, 3 10 0, S_0x563ce571f590;
 .timescale -9 -12;
P_0x563ce57360d0 .param/l "idx" 0 3 10, +C4<010010>;
S_0x563ce57361b0 .scope module, "gate1" "andg" 3 11, 4 3 0, S_0x563ce5735f00;
 .timescale -9 -12;
    .port_info 0 /INPUT 1 "p"
    .port_info 1 /INPUT 1 "q"
    .port_info 2 /OUTPUT 1 "r"
L_0x563ce57505a0 .functor AND 1, L_0x563ce5750a70, L_0x563ce5750b10, C4<1>, C4<1>;
v0x563ce57363f0_0 .net "p", 0 0, L_0x563ce5750a70;  1 drivers
v0x563ce57364d0_0 .net "q", 0 0, L_0x563ce5750b10;  1 drivers
v0x563ce5736590_0 .net "r", 0 0, L_0x563ce57505a0;  1 drivers
S_0x563ce57366e0 .scope generate, "genblk1[19]" "genblk1[19]" 3 10, 3 10 0, S_0x563ce571f590;
 .timescale -9 -12;
P_0x563ce57368b0 .param/l "idx" 0 3 10, +C4<010011>;
S_0x563ce5736990 .scope module, "gate1" "andg" 3 11, 4 3 0, S_0x563ce57366e0;
 .timescale -9 -12;
    .port_info 0 /INPUT 1 "p"
    .port_info 1 /INPUT 1 "q"
    .port_info 2 /OUTPUT 1 "r"
L_0x563ce5750d40 .functor AND 1, L_0x563ce5750db0, L_0x563ce5750ea0, C4<1>, C4<1>;
v0x563ce5736bd0_0 .net "p", 0 0, L_0x563ce5750db0;  1 drivers
v0x563ce5736cb0_0 .net "q", 0 0, L_0x563ce5750ea0;  1 drivers
v0x563ce5736d70_0 .net "r", 0 0, L_0x563ce5750d40;  1 drivers
S_0x563ce5736ec0 .scope generate, "genblk1[20]" "genblk1[20]" 3 10, 3 10 0, S_0x563ce571f590;
 .timescale -9 -12;
P_0x563ce5737090 .param/l "idx" 0 3 10, +C4<010100>;
S_0x563ce5737170 .scope module, "gate1" "andg" 3 11, 4 3 0, S_0x563ce5736ec0;
 .timescale -9 -12;
    .port_info 0 /INPUT 1 "p"
    .port_info 1 /INPUT 1 "q"
    .port_info 2 /OUTPUT 1 "r"
L_0x563ce57510e0 .functor AND 1, L_0x563ce5751180, L_0x563ce5751270, C4<1>, C4<1>;
v0x563ce57373b0_0 .net "p", 0 0, L_0x563ce5751180;  1 drivers
v0x563ce5737490_0 .net "q", 0 0, L_0x563ce5751270;  1 drivers
v0x563ce5737550_0 .net "r", 0 0, L_0x563ce57510e0;  1 drivers
S_0x563ce57376a0 .scope generate, "genblk1[21]" "genblk1[21]" 3 10, 3 10 0, S_0x563ce571f590;
 .timescale -9 -12;
P_0x563ce5737870 .param/l "idx" 0 3 10, +C4<010101>;
S_0x563ce5737950 .scope module, "gate1" "andg" 3 11, 4 3 0, S_0x563ce57376a0;
 .timescale -9 -12;
    .port_info 0 /INPUT 1 "p"
    .port_info 1 /INPUT 1 "q"
    .port_info 2 /OUTPUT 1 "r"
L_0x563ce57514c0 .functor AND 1, L_0x563ce5751560, L_0x563ce5751650, C4<1>, C4<1>;
v0x563ce5737b90_0 .net "p", 0 0, L_0x563ce5751560;  1 drivers
v0x563ce5737c70_0 .net "q", 0 0, L_0x563ce5751650;  1 drivers
v0x563ce5737d30_0 .net "r", 0 0, L_0x563ce57514c0;  1 drivers
S_0x563ce5737e80 .scope generate, "genblk1[22]" "genblk1[22]" 3 10, 3 10 0, S_0x563ce571f590;
 .timescale -9 -12;
P_0x563ce5738050 .param/l "idx" 0 3 10, +C4<010110>;
S_0x563ce5738130 .scope module, "gate1" "andg" 3 11, 4 3 0, S_0x563ce5737e80;
 .timescale -9 -12;
    .port_info 0 /INPUT 1 "p"
    .port_info 1 /INPUT 1 "q"
    .port_info 2 /OUTPUT 1 "r"
L_0x563ce57518b0 .functor AND 1, L_0x563ce5751950, L_0x563ce5751a40, C4<1>, C4<1>;
v0x563ce5738370_0 .net "p", 0 0, L_0x563ce5751950;  1 drivers
v0x563ce5738450_0 .net "q", 0 0, L_0x563ce5751a40;  1 drivers
v0x563ce5738510_0 .net "r", 0 0, L_0x563ce57518b0;  1 drivers
S_0x563ce5738660 .scope generate, "genblk1[23]" "genblk1[23]" 3 10, 3 10 0, S_0x563ce571f590;
 .timescale -9 -12;
P_0x563ce5738830 .param/l "idx" 0 3 10, +C4<010111>;
S_0x563ce5738910 .scope module, "gate1" "andg" 3 11, 4 3 0, S_0x563ce5738660;
 .timescale -9 -12;
    .port_info 0 /INPUT 1 "p"
    .port_info 1 /INPUT 1 "q"
    .port_info 2 /OUTPUT 1 "r"
L_0x563ce5751cb0 .functor AND 1, L_0x563ce5751d50, L_0x563ce5751e40, C4<1>, C4<1>;
v0x563ce5738b50_0 .net "p", 0 0, L_0x563ce5751d50;  1 drivers
v0x563ce5738c30_0 .net "q", 0 0, L_0x563ce5751e40;  1 drivers
v0x563ce5738cf0_0 .net "r", 0 0, L_0x563ce5751cb0;  1 drivers
S_0x563ce5738e40 .scope generate, "genblk1[24]" "genblk1[24]" 3 10, 3 10 0, S_0x563ce571f590;
 .timescale -9 -12;
P_0x563ce5739010 .param/l "idx" 0 3 10, +C4<011000>;
S_0x563ce57390f0 .scope module, "gate1" "andg" 3 11, 4 3 0, S_0x563ce5738e40;
 .timescale -9 -12;
    .port_info 0 /INPUT 1 "p"
    .port_info 1 /INPUT 1 "q"
    .port_info 2 /OUTPUT 1 "r"
L_0x563ce57520c0 .functor AND 1, L_0x563ce5752160, L_0x563ce5752250, C4<1>, C4<1>;
v0x563ce5739330_0 .net "p", 0 0, L_0x563ce5752160;  1 drivers
v0x563ce5739410_0 .net "q", 0 0, L_0x563ce5752250;  1 drivers
v0x563ce57394d0_0 .net "r", 0 0, L_0x563ce57520c0;  1 drivers
S_0x563ce5739620 .scope generate, "genblk1[25]" "genblk1[25]" 3 10, 3 10 0, S_0x563ce571f590;
 .timescale -9 -12;
P_0x563ce57397f0 .param/l "idx" 0 3 10, +C4<011001>;
S_0x563ce57398d0 .scope module, "gate1" "andg" 3 11, 4 3 0, S_0x563ce5739620;
 .timescale -9 -12;
    .port_info 0 /INPUT 1 "p"
    .port_info 1 /INPUT 1 "q"
    .port_info 2 /OUTPUT 1 "r"
L_0x563ce57524e0 .functor AND 1, L_0x563ce5752580, L_0x563ce5752670, C4<1>, C4<1>;
v0x563ce5739b10_0 .net "p", 0 0, L_0x563ce5752580;  1 drivers
v0x563ce5739bf0_0 .net "q", 0 0, L_0x563ce5752670;  1 drivers
v0x563ce5739cb0_0 .net "r", 0 0, L_0x563ce57524e0;  1 drivers
S_0x563ce5739e00 .scope generate, "genblk1[26]" "genblk1[26]" 3 10, 3 10 0, S_0x563ce571f590;
 .timescale -9 -12;
P_0x563ce5739fd0 .param/l "idx" 0 3 10, +C4<011010>;
S_0x563ce573a0b0 .scope module, "gate1" "andg" 3 11, 4 3 0, S_0x563ce5739e00;
 .timescale -9 -12;
    .port_info 0 /INPUT 1 "p"
    .port_info 1 /INPUT 1 "q"
    .port_info 2 /OUTPUT 1 "r"
L_0x563ce5752910 .functor AND 1, L_0x563ce57529b0, L_0x563ce5752aa0, C4<1>, C4<1>;
v0x563ce573a2f0_0 .net "p", 0 0, L_0x563ce57529b0;  1 drivers
v0x563ce573a3d0_0 .net "q", 0 0, L_0x563ce5752aa0;  1 drivers
v0x563ce573a490_0 .net "r", 0 0, L_0x563ce5752910;  1 drivers
S_0x563ce573a5e0 .scope generate, "genblk1[27]" "genblk1[27]" 3 10, 3 10 0, S_0x563ce571f590;
 .timescale -9 -12;
P_0x563ce573a7b0 .param/l "idx" 0 3 10, +C4<011011>;
S_0x563ce573a890 .scope module, "gate1" "andg" 3 11, 4 3 0, S_0x563ce573a5e0;
 .timescale -9 -12;
    .port_info 0 /INPUT 1 "p"
    .port_info 1 /INPUT 1 "q"
    .port_info 2 /OUTPUT 1 "r"
L_0x563ce5752d50 .functor AND 1, L_0x563ce5752df0, L_0x563ce5752ee0, C4<1>, C4<1>;
v0x563ce573aad0_0 .net "p", 0 0, L_0x563ce5752df0;  1 drivers
v0x563ce573abb0_0 .net "q", 0 0, L_0x563ce5752ee0;  1 drivers
v0x563ce573ac70_0 .net "r", 0 0, L_0x563ce5752d50;  1 drivers
S_0x563ce573adc0 .scope generate, "genblk1[28]" "genblk1[28]" 3 10, 3 10 0, S_0x563ce571f590;
 .timescale -9 -12;
P_0x563ce573af90 .param/l "idx" 0 3 10, +C4<011100>;
S_0x563ce573b070 .scope module, "gate1" "andg" 3 11, 4 3 0, S_0x563ce573adc0;
 .timescale -9 -12;
    .port_info 0 /INPUT 1 "p"
    .port_info 1 /INPUT 1 "q"
    .port_info 2 /OUTPUT 1 "r"
L_0x563ce57531a0 .functor AND 1, L_0x563ce5753240, L_0x563ce5753330, C4<1>, C4<1>;
v0x563ce573b2b0_0 .net "p", 0 0, L_0x563ce5753240;  1 drivers
v0x563ce573b390_0 .net "q", 0 0, L_0x563ce5753330;  1 drivers
v0x563ce573b450_0 .net "r", 0 0, L_0x563ce57531a0;  1 drivers
S_0x563ce573b5a0 .scope generate, "genblk1[29]" "genblk1[29]" 3 10, 3 10 0, S_0x563ce571f590;
 .timescale -9 -12;
P_0x563ce573b770 .param/l "idx" 0 3 10, +C4<011101>;
S_0x563ce573b850 .scope module, "gate1" "andg" 3 11, 4 3 0, S_0x563ce573b5a0;
 .timescale -9 -12;
    .port_info 0 /INPUT 1 "p"
    .port_info 1 /INPUT 1 "q"
    .port_info 2 /OUTPUT 1 "r"
L_0x563ce5753600 .functor AND 1, L_0x563ce57536a0, L_0x563ce5753790, C4<1>, C4<1>;
v0x563ce573ba90_0 .net "p", 0 0, L_0x563ce57536a0;  1 drivers
v0x563ce573bb70_0 .net "q", 0 0, L_0x563ce5753790;  1 drivers
v0x563ce573bc30_0 .net "r", 0 0, L_0x563ce5753600;  1 drivers
S_0x563ce573bd80 .scope generate, "genblk1[30]" "genblk1[30]" 3 10, 3 10 0, S_0x563ce571f590;
 .timescale -9 -12;
P_0x563ce573bf50 .param/l "idx" 0 3 10, +C4<011110>;
S_0x563ce573c030 .scope module, "gate1" "andg" 3 11, 4 3 0, S_0x563ce573bd80;
 .timescale -9 -12;
    .port_info 0 /INPUT 1 "p"
    .port_info 1 /INPUT 1 "q"
    .port_info 2 /OUTPUT 1 "r"
L_0x563ce5753a70 .functor AND 1, L_0x563ce5753b10, L_0x563ce5754010, C4<1>, C4<1>;
v0x563ce573c270_0 .net "p", 0 0, L_0x563ce5753b10;  1 drivers
v0x563ce573c350_0 .net "q", 0 0, L_0x563ce5754010;  1 drivers
v0x563ce573c410_0 .net "r", 0 0, L_0x563ce5753a70;  1 drivers
S_0x563ce573c560 .scope generate, "genblk1[31]" "genblk1[31]" 3 10, 3 10 0, S_0x563ce571f590;
 .timescale -9 -12;
P_0x563ce573c730 .param/l "idx" 0 3 10, +C4<011111>;
S_0x563ce573c810 .scope module, "gate1" "andg" 3 11, 4 3 0, S_0x563ce573c560;
 .timescale -9 -12;
    .port_info 0 /INPUT 1 "p"
    .port_info 1 /INPUT 1 "q"
    .port_info 2 /OUTPUT 1 "r"
L_0x563ce5754710 .functor AND 1, L_0x563ce57547b0, L_0x563ce57548a0, C4<1>, C4<1>;
v0x563ce573ca50_0 .net "p", 0 0, L_0x563ce57547b0;  1 drivers
v0x563ce573cb30_0 .net "q", 0 0, L_0x563ce57548a0;  1 drivers
v0x563ce573cbf0_0 .net "r", 0 0, L_0x563ce5754710;  1 drivers
S_0x563ce573cd40 .scope generate, "genblk1[32]" "genblk1[32]" 3 10, 3 10 0, S_0x563ce571f590;
 .timescale -9 -12;
P_0x563ce573cf10 .param/l "idx" 0 3 10, +C4<0100000>;
S_0x563ce573d000 .scope module, "gate1" "andg" 3 11, 4 3 0, S_0x563ce573cd40;
 .timescale -9 -12;
    .port_info 0 /INPUT 1 "p"
    .port_info 1 /INPUT 1 "q"
    .port_info 2 /OUTPUT 1 "r"
L_0x563ce5754ba0 .functor AND 1, L_0x563ce5754c40, L_0x563ce5754d30, C4<1>, C4<1>;
v0x563ce573d260_0 .net "p", 0 0, L_0x563ce5754c40;  1 drivers
v0x563ce573d340_0 .net "q", 0 0, L_0x563ce5754d30;  1 drivers
v0x563ce573d400_0 .net "r", 0 0, L_0x563ce5754ba0;  1 drivers
S_0x563ce573d520 .scope generate, "genblk1[33]" "genblk1[33]" 3 10, 3 10 0, S_0x563ce571f590;
 .timescale -9 -12;
P_0x563ce573d6f0 .param/l "idx" 0 3 10, +C4<0100001>;
S_0x563ce573d7e0 .scope module, "gate1" "andg" 3 11, 4 3 0, S_0x563ce573d520;
 .timescale -9 -12;
    .port_info 0 /INPUT 1 "p"
    .port_info 1 /INPUT 1 "q"
    .port_info 2 /OUTPUT 1 "r"
L_0x563ce5755040 .functor AND 1, L_0x563ce57550e0, L_0x563ce57551d0, C4<1>, C4<1>;
v0x563ce573da40_0 .net "p", 0 0, L_0x563ce57550e0;  1 drivers
v0x563ce573db20_0 .net "q", 0 0, L_0x563ce57551d0;  1 drivers
v0x563ce573dbe0_0 .net "r", 0 0, L_0x563ce5755040;  1 drivers
S_0x563ce573dd00 .scope generate, "genblk1[34]" "genblk1[34]" 3 10, 3 10 0, S_0x563ce571f590;
 .timescale -9 -12;
P_0x563ce573ded0 .param/l "idx" 0 3 10, +C4<0100010>;
S_0x563ce573dfc0 .scope module, "gate1" "andg" 3 11, 4 3 0, S_0x563ce573dd00;
 .timescale -9 -12;
    .port_info 0 /INPUT 1 "p"
    .port_info 1 /INPUT 1 "q"
    .port_info 2 /OUTPUT 1 "r"
L_0x563ce57554f0 .functor AND 1, L_0x563ce5755590, L_0x563ce5755680, C4<1>, C4<1>;
v0x563ce573e220_0 .net "p", 0 0, L_0x563ce5755590;  1 drivers
v0x563ce573e300_0 .net "q", 0 0, L_0x563ce5755680;  1 drivers
v0x563ce573e3c0_0 .net "r", 0 0, L_0x563ce57554f0;  1 drivers
S_0x563ce573e4e0 .scope generate, "genblk1[35]" "genblk1[35]" 3 10, 3 10 0, S_0x563ce571f590;
 .timescale -9 -12;
P_0x563ce573e6b0 .param/l "idx" 0 3 10, +C4<0100011>;
S_0x563ce573e7a0 .scope module, "gate1" "andg" 3 11, 4 3 0, S_0x563ce573e4e0;
 .timescale -9 -12;
    .port_info 0 /INPUT 1 "p"
    .port_info 1 /INPUT 1 "q"
    .port_info 2 /OUTPUT 1 "r"
L_0x563ce57559b0 .functor AND 1, L_0x563ce5755a50, L_0x563ce5755b40, C4<1>, C4<1>;
v0x563ce573ea00_0 .net "p", 0 0, L_0x563ce5755a50;  1 drivers
v0x563ce573eae0_0 .net "q", 0 0, L_0x563ce5755b40;  1 drivers
v0x563ce573eba0_0 .net "r", 0 0, L_0x563ce57559b0;  1 drivers
S_0x563ce573ecc0 .scope generate, "genblk1[36]" "genblk1[36]" 3 10, 3 10 0, S_0x563ce571f590;
 .timescale -9 -12;
P_0x563ce573ee90 .param/l "idx" 0 3 10, +C4<0100100>;
S_0x563ce573ef80 .scope module, "gate1" "andg" 3 11, 4 3 0, S_0x563ce573ecc0;
 .timescale -9 -12;
    .port_info 0 /INPUT 1 "p"
    .port_info 1 /INPUT 1 "q"
    .port_info 2 /OUTPUT 1 "r"
L_0x563ce5755e80 .functor AND 1, L_0x563ce5755f20, L_0x563ce5756010, C4<1>, C4<1>;
v0x563ce573f1e0_0 .net "p", 0 0, L_0x563ce5755f20;  1 drivers
v0x563ce573f2c0_0 .net "q", 0 0, L_0x563ce5756010;  1 drivers
v0x563ce573f380_0 .net "r", 0 0, L_0x563ce5755e80;  1 drivers
S_0x563ce573f4a0 .scope generate, "genblk1[37]" "genblk1[37]" 3 10, 3 10 0, S_0x563ce571f590;
 .timescale -9 -12;
P_0x563ce573f670 .param/l "idx" 0 3 10, +C4<0100101>;
S_0x563ce573f760 .scope module, "gate1" "andg" 3 11, 4 3 0, S_0x563ce573f4a0;
 .timescale -9 -12;
    .port_info 0 /INPUT 1 "p"
    .port_info 1 /INPUT 1 "q"
    .port_info 2 /OUTPUT 1 "r"
L_0x563ce5756360 .functor AND 1, L_0x563ce5756400, L_0x563ce57564f0, C4<1>, C4<1>;
v0x563ce573f9c0_0 .net "p", 0 0, L_0x563ce5756400;  1 drivers
v0x563ce573faa0_0 .net "q", 0 0, L_0x563ce57564f0;  1 drivers
v0x563ce573fb60_0 .net "r", 0 0, L_0x563ce5756360;  1 drivers
S_0x563ce573fc80 .scope generate, "genblk1[38]" "genblk1[38]" 3 10, 3 10 0, S_0x563ce571f590;
 .timescale -9 -12;
P_0x563ce573fe50 .param/l "idx" 0 3 10, +C4<0100110>;
S_0x563ce573ff40 .scope module, "gate1" "andg" 3 11, 4 3 0, S_0x563ce573fc80;
 .timescale -9 -12;
    .port_info 0 /INPUT 1 "p"
    .port_info 1 /INPUT 1 "q"
    .port_info 2 /OUTPUT 1 "r"
L_0x563ce5756850 .functor AND 1, L_0x563ce57568f0, L_0x563ce57569e0, C4<1>, C4<1>;
v0x563ce57401a0_0 .net "p", 0 0, L_0x563ce57568f0;  1 drivers
v0x563ce5740280_0 .net "q", 0 0, L_0x563ce57569e0;  1 drivers
v0x563ce5740340_0 .net "r", 0 0, L_0x563ce5756850;  1 drivers
S_0x563ce5740460 .scope generate, "genblk1[39]" "genblk1[39]" 3 10, 3 10 0, S_0x563ce571f590;
 .timescale -9 -12;
P_0x563ce5740630 .param/l "idx" 0 3 10, +C4<0100111>;
S_0x563ce5740720 .scope module, "gate1" "andg" 3 11, 4 3 0, S_0x563ce5740460;
 .timescale -9 -12;
    .port_info 0 /INPUT 1 "p"
    .port_info 1 /INPUT 1 "q"
    .port_info 2 /OUTPUT 1 "r"
L_0x563ce5756d50 .functor AND 1, L_0x563ce5756df0, L_0x563ce5756ee0, C4<1>, C4<1>;
v0x563ce5740980_0 .net "p", 0 0, L_0x563ce5756df0;  1 drivers
v0x563ce5740a60_0 .net "q", 0 0, L_0x563ce5756ee0;  1 drivers
v0x563ce5740b20_0 .net "r", 0 0, L_0x563ce5756d50;  1 drivers
S_0x563ce5740c40 .scope generate, "genblk1[40]" "genblk1[40]" 3 10, 3 10 0, S_0x563ce571f590;
 .timescale -9 -12;
P_0x563ce5740e10 .param/l "idx" 0 3 10, +C4<0101000>;
S_0x563ce5740f00 .scope module, "gate1" "andg" 3 11, 4 3 0, S_0x563ce5740c40;
 .timescale -9 -12;
    .port_info 0 /INPUT 1 "p"
    .port_info 1 /INPUT 1 "q"
    .port_info 2 /OUTPUT 1 "r"
L_0x563ce5757260 .functor AND 1, L_0x563ce5757300, L_0x563ce57573f0, C4<1>, C4<1>;
v0x563ce5741160_0 .net "p", 0 0, L_0x563ce5757300;  1 drivers
v0x563ce5741240_0 .net "q", 0 0, L_0x563ce57573f0;  1 drivers
v0x563ce5741300_0 .net "r", 0 0, L_0x563ce5757260;  1 drivers
S_0x563ce5741420 .scope generate, "genblk1[41]" "genblk1[41]" 3 10, 3 10 0, S_0x563ce571f590;
 .timescale -9 -12;
P_0x563ce57415f0 .param/l "idx" 0 3 10, +C4<0101001>;
S_0x563ce57416e0 .scope module, "gate1" "andg" 3 11, 4 3 0, S_0x563ce5741420;
 .timescale -9 -12;
    .port_info 0 /INPUT 1 "p"
    .port_info 1 /INPUT 1 "q"
    .port_info 2 /OUTPUT 1 "r"
L_0x563ce5757780 .functor AND 1, L_0x563ce5757820, L_0x563ce5757910, C4<1>, C4<1>;
v0x563ce5741940_0 .net "p", 0 0, L_0x563ce5757820;  1 drivers
v0x563ce5741a20_0 .net "q", 0 0, L_0x563ce5757910;  1 drivers
v0x563ce5741ae0_0 .net "r", 0 0, L_0x563ce5757780;  1 drivers
S_0x563ce5741c00 .scope generate, "genblk1[42]" "genblk1[42]" 3 10, 3 10 0, S_0x563ce571f590;
 .timescale -9 -12;
P_0x563ce5741dd0 .param/l "idx" 0 3 10, +C4<0101010>;
S_0x563ce5741ec0 .scope module, "gate1" "andg" 3 11, 4 3 0, S_0x563ce5741c00;
 .timescale -9 -12;
    .port_info 0 /INPUT 1 "p"
    .port_info 1 /INPUT 1 "q"
    .port_info 2 /OUTPUT 1 "r"
L_0x563ce5757cb0 .functor AND 1, L_0x563ce5757d50, L_0x563ce5757e40, C4<1>, C4<1>;
v0x563ce5742120_0 .net "p", 0 0, L_0x563ce5757d50;  1 drivers
v0x563ce5742200_0 .net "q", 0 0, L_0x563ce5757e40;  1 drivers
v0x563ce57422c0_0 .net "r", 0 0, L_0x563ce5757cb0;  1 drivers
S_0x563ce57423e0 .scope generate, "genblk1[43]" "genblk1[43]" 3 10, 3 10 0, S_0x563ce571f590;
 .timescale -9 -12;
P_0x563ce57425b0 .param/l "idx" 0 3 10, +C4<0101011>;
S_0x563ce57426a0 .scope module, "gate1" "andg" 3 11, 4 3 0, S_0x563ce57423e0;
 .timescale -9 -12;
    .port_info 0 /INPUT 1 "p"
    .port_info 1 /INPUT 1 "q"
    .port_info 2 /OUTPUT 1 "r"
L_0x563ce57581f0 .functor AND 1, L_0x563ce5758290, L_0x563ce5758380, C4<1>, C4<1>;
v0x563ce5742900_0 .net "p", 0 0, L_0x563ce5758290;  1 drivers
v0x563ce57429e0_0 .net "q", 0 0, L_0x563ce5758380;  1 drivers
v0x563ce5742aa0_0 .net "r", 0 0, L_0x563ce57581f0;  1 drivers
S_0x563ce5742bc0 .scope generate, "genblk1[44]" "genblk1[44]" 3 10, 3 10 0, S_0x563ce571f590;
 .timescale -9 -12;
P_0x563ce5742d90 .param/l "idx" 0 3 10, +C4<0101100>;
S_0x563ce5742e80 .scope module, "gate1" "andg" 3 11, 4 3 0, S_0x563ce5742bc0;
 .timescale -9 -12;
    .port_info 0 /INPUT 1 "p"
    .port_info 1 /INPUT 1 "q"
    .port_info 2 /OUTPUT 1 "r"
L_0x563ce5758740 .functor AND 1, L_0x563ce57587e0, L_0x563ce57588d0, C4<1>, C4<1>;
v0x563ce57430e0_0 .net "p", 0 0, L_0x563ce57587e0;  1 drivers
v0x563ce57431c0_0 .net "q", 0 0, L_0x563ce57588d0;  1 drivers
v0x563ce5743280_0 .net "r", 0 0, L_0x563ce5758740;  1 drivers
S_0x563ce57433a0 .scope generate, "genblk1[45]" "genblk1[45]" 3 10, 3 10 0, S_0x563ce571f590;
 .timescale -9 -12;
P_0x563ce5743570 .param/l "idx" 0 3 10, +C4<0101101>;
S_0x563ce5743660 .scope module, "gate1" "andg" 3 11, 4 3 0, S_0x563ce57433a0;
 .timescale -9 -12;
    .port_info 0 /INPUT 1 "p"
    .port_info 1 /INPUT 1 "q"
    .port_info 2 /OUTPUT 1 "r"
L_0x563ce5758ca0 .functor AND 1, L_0x563ce5758d40, L_0x563ce5758e30, C4<1>, C4<1>;
v0x563ce57438c0_0 .net "p", 0 0, L_0x563ce5758d40;  1 drivers
v0x563ce57439a0_0 .net "q", 0 0, L_0x563ce5758e30;  1 drivers
v0x563ce5743a60_0 .net "r", 0 0, L_0x563ce5758ca0;  1 drivers
S_0x563ce5743b80 .scope generate, "genblk1[46]" "genblk1[46]" 3 10, 3 10 0, S_0x563ce571f590;
 .timescale -9 -12;
P_0x563ce5743d50 .param/l "idx" 0 3 10, +C4<0101110>;
S_0x563ce5743e40 .scope module, "gate1" "andg" 3 11, 4 3 0, S_0x563ce5743b80;
 .timescale -9 -12;
    .port_info 0 /INPUT 1 "p"
    .port_info 1 /INPUT 1 "q"
    .port_info 2 /OUTPUT 1 "r"
L_0x563ce5759210 .functor AND 1, L_0x563ce57592b0, L_0x563ce57593a0, C4<1>, C4<1>;
v0x563ce57440a0_0 .net "p", 0 0, L_0x563ce57592b0;  1 drivers
v0x563ce5744180_0 .net "q", 0 0, L_0x563ce57593a0;  1 drivers
v0x563ce5744240_0 .net "r", 0 0, L_0x563ce5759210;  1 drivers
S_0x563ce5744360 .scope generate, "genblk1[47]" "genblk1[47]" 3 10, 3 10 0, S_0x563ce571f590;
 .timescale -9 -12;
P_0x563ce5744530 .param/l "idx" 0 3 10, +C4<0101111>;
S_0x563ce5744620 .scope module, "gate1" "andg" 3 11, 4 3 0, S_0x563ce5744360;
 .timescale -9 -12;
    .port_info 0 /INPUT 1 "p"
    .port_info 1 /INPUT 1 "q"
    .port_info 2 /OUTPUT 1 "r"
L_0x563ce5759790 .functor AND 1, L_0x563ce5759830, L_0x563ce5759920, C4<1>, C4<1>;
v0x563ce5744880_0 .net "p", 0 0, L_0x563ce5759830;  1 drivers
v0x563ce5744960_0 .net "q", 0 0, L_0x563ce5759920;  1 drivers
v0x563ce5744a20_0 .net "r", 0 0, L_0x563ce5759790;  1 drivers
S_0x563ce5744b40 .scope generate, "genblk1[48]" "genblk1[48]" 3 10, 3 10 0, S_0x563ce571f590;
 .timescale -9 -12;
P_0x563ce5744d10 .param/l "idx" 0 3 10, +C4<0110000>;
S_0x563ce5744e00 .scope module, "gate1" "andg" 3 11, 4 3 0, S_0x563ce5744b40;
 .timescale -9 -12;
    .port_info 0 /INPUT 1 "p"
    .port_info 1 /INPUT 1 "q"
    .port_info 2 /OUTPUT 1 "r"
L_0x563ce5759d20 .functor AND 1, L_0x563ce5759dc0, L_0x563ce5759eb0, C4<1>, C4<1>;
v0x563ce5745060_0 .net "p", 0 0, L_0x563ce5759dc0;  1 drivers
v0x563ce5745140_0 .net "q", 0 0, L_0x563ce5759eb0;  1 drivers
v0x563ce5745200_0 .net "r", 0 0, L_0x563ce5759d20;  1 drivers
S_0x563ce5745320 .scope generate, "genblk1[49]" "genblk1[49]" 3 10, 3 10 0, S_0x563ce571f590;
 .timescale -9 -12;
P_0x563ce57454f0 .param/l "idx" 0 3 10, +C4<0110001>;
S_0x563ce57455e0 .scope module, "gate1" "andg" 3 11, 4 3 0, S_0x563ce5745320;
 .timescale -9 -12;
    .port_info 0 /INPUT 1 "p"
    .port_info 1 /INPUT 1 "q"
    .port_info 2 /OUTPUT 1 "r"
L_0x563ce575a2c0 .functor AND 1, L_0x563ce575a360, L_0x563ce575a450, C4<1>, C4<1>;
v0x563ce5745840_0 .net "p", 0 0, L_0x563ce575a360;  1 drivers
v0x563ce5745920_0 .net "q", 0 0, L_0x563ce575a450;  1 drivers
v0x563ce57459e0_0 .net "r", 0 0, L_0x563ce575a2c0;  1 drivers
S_0x563ce5745b00 .scope generate, "genblk1[50]" "genblk1[50]" 3 10, 3 10 0, S_0x563ce571f590;
 .timescale -9 -12;
P_0x563ce5745cd0 .param/l "idx" 0 3 10, +C4<0110010>;
S_0x563ce5745dc0 .scope module, "gate1" "andg" 3 11, 4 3 0, S_0x563ce5745b00;
 .timescale -9 -12;
    .port_info 0 /INPUT 1 "p"
    .port_info 1 /INPUT 1 "q"
    .port_info 2 /OUTPUT 1 "r"
L_0x563ce575a870 .functor AND 1, L_0x563ce575a910, L_0x563ce575aa00, C4<1>, C4<1>;
v0x563ce5746020_0 .net "p", 0 0, L_0x563ce575a910;  1 drivers
v0x563ce5746100_0 .net "q", 0 0, L_0x563ce575aa00;  1 drivers
v0x563ce57461c0_0 .net "r", 0 0, L_0x563ce575a870;  1 drivers
S_0x563ce57462e0 .scope generate, "genblk1[51]" "genblk1[51]" 3 10, 3 10 0, S_0x563ce571f590;
 .timescale -9 -12;
P_0x563ce57464b0 .param/l "idx" 0 3 10, +C4<0110011>;
S_0x563ce57465a0 .scope module, "gate1" "andg" 3 11, 4 3 0, S_0x563ce57462e0;
 .timescale -9 -12;
    .port_info 0 /INPUT 1 "p"
    .port_info 1 /INPUT 1 "q"
    .port_info 2 /OUTPUT 1 "r"
L_0x563ce575ae30 .functor AND 1, L_0x563ce575aed0, L_0x563ce575afc0, C4<1>, C4<1>;
v0x563ce5746800_0 .net "p", 0 0, L_0x563ce575aed0;  1 drivers
v0x563ce57468e0_0 .net "q", 0 0, L_0x563ce575afc0;  1 drivers
v0x563ce57469a0_0 .net "r", 0 0, L_0x563ce575ae30;  1 drivers
S_0x563ce5746ac0 .scope generate, "genblk1[52]" "genblk1[52]" 3 10, 3 10 0, S_0x563ce571f590;
 .timescale -9 -12;
P_0x563ce5746c90 .param/l "idx" 0 3 10, +C4<0110100>;
S_0x563ce5746d80 .scope module, "gate1" "andg" 3 11, 4 3 0, S_0x563ce5746ac0;
 .timescale -9 -12;
    .port_info 0 /INPUT 1 "p"
    .port_info 1 /INPUT 1 "q"
    .port_info 2 /OUTPUT 1 "r"
L_0x563ce575b400 .functor AND 1, L_0x563ce575b4a0, L_0x563ce575b590, C4<1>, C4<1>;
v0x563ce5746fe0_0 .net "p", 0 0, L_0x563ce575b4a0;  1 drivers
v0x563ce57470c0_0 .net "q", 0 0, L_0x563ce575b590;  1 drivers
v0x563ce5747180_0 .net "r", 0 0, L_0x563ce575b400;  1 drivers
S_0x563ce57472a0 .scope generate, "genblk1[53]" "genblk1[53]" 3 10, 3 10 0, S_0x563ce571f590;
 .timescale -9 -12;
P_0x563ce5747470 .param/l "idx" 0 3 10, +C4<0110101>;
S_0x563ce5747560 .scope module, "gate1" "andg" 3 11, 4 3 0, S_0x563ce57472a0;
 .timescale -9 -12;
    .port_info 0 /INPUT 1 "p"
    .port_info 1 /INPUT 1 "q"
    .port_info 2 /OUTPUT 1 "r"
L_0x563ce575b9e0 .functor AND 1, L_0x563ce575ba80, L_0x563ce575bb70, C4<1>, C4<1>;
v0x563ce57477c0_0 .net "p", 0 0, L_0x563ce575ba80;  1 drivers
v0x563ce57478a0_0 .net "q", 0 0, L_0x563ce575bb70;  1 drivers
v0x563ce5747960_0 .net "r", 0 0, L_0x563ce575b9e0;  1 drivers
S_0x563ce5747a80 .scope generate, "genblk1[54]" "genblk1[54]" 3 10, 3 10 0, S_0x563ce571f590;
 .timescale -9 -12;
P_0x563ce5747c50 .param/l "idx" 0 3 10, +C4<0110110>;
S_0x563ce5747d40 .scope module, "gate1" "andg" 3 11, 4 3 0, S_0x563ce5747a80;
 .timescale -9 -12;
    .port_info 0 /INPUT 1 "p"
    .port_info 1 /INPUT 1 "q"
    .port_info 2 /OUTPUT 1 "r"
L_0x563ce575bfd0 .functor AND 1, L_0x563ce575c070, L_0x563ce575c160, C4<1>, C4<1>;
v0x563ce5747fa0_0 .net "p", 0 0, L_0x563ce575c070;  1 drivers
v0x563ce5748080_0 .net "q", 0 0, L_0x563ce575c160;  1 drivers
v0x563ce5748140_0 .net "r", 0 0, L_0x563ce575bfd0;  1 drivers
S_0x563ce5748260 .scope generate, "genblk1[55]" "genblk1[55]" 3 10, 3 10 0, S_0x563ce571f590;
 .timescale -9 -12;
P_0x563ce5748430 .param/l "idx" 0 3 10, +C4<0110111>;
S_0x563ce5748520 .scope module, "gate1" "andg" 3 11, 4 3 0, S_0x563ce5748260;
 .timescale -9 -12;
    .port_info 0 /INPUT 1 "p"
    .port_info 1 /INPUT 1 "q"
    .port_info 2 /OUTPUT 1 "r"
L_0x563ce575c5d0 .functor AND 1, L_0x563ce575c670, L_0x563ce575c760, C4<1>, C4<1>;
v0x563ce5748780_0 .net "p", 0 0, L_0x563ce575c670;  1 drivers
v0x563ce5748860_0 .net "q", 0 0, L_0x563ce575c760;  1 drivers
v0x563ce5748920_0 .net "r", 0 0, L_0x563ce575c5d0;  1 drivers
S_0x563ce5748a40 .scope generate, "genblk1[56]" "genblk1[56]" 3 10, 3 10 0, S_0x563ce571f590;
 .timescale -9 -12;
P_0x563ce5748c10 .param/l "idx" 0 3 10, +C4<0111000>;
S_0x563ce5748d00 .scope module, "gate1" "andg" 3 11, 4 3 0, S_0x563ce5748a40;
 .timescale -9 -12;
    .port_info 0 /INPUT 1 "p"
    .port_info 1 /INPUT 1 "q"
    .port_info 2 /OUTPUT 1 "r"
L_0x563ce575cbe0 .functor AND 1, L_0x563ce575cc80, L_0x563ce575cd70, C4<1>, C4<1>;
v0x563ce5748f60_0 .net "p", 0 0, L_0x563ce575cc80;  1 drivers
v0x563ce5749040_0 .net "q", 0 0, L_0x563ce575cd70;  1 drivers
v0x563ce5749100_0 .net "r", 0 0, L_0x563ce575cbe0;  1 drivers
S_0x563ce5749220 .scope generate, "genblk1[57]" "genblk1[57]" 3 10, 3 10 0, S_0x563ce571f590;
 .timescale -9 -12;
P_0x563ce57493f0 .param/l "idx" 0 3 10, +C4<0111001>;
S_0x563ce57494e0 .scope module, "gate1" "andg" 3 11, 4 3 0, S_0x563ce5749220;
 .timescale -9 -12;
    .port_info 0 /INPUT 1 "p"
    .port_info 1 /INPUT 1 "q"
    .port_info 2 /OUTPUT 1 "r"
L_0x563ce575d200 .functor AND 1, L_0x563ce575d2a0, L_0x563ce575d390, C4<1>, C4<1>;
v0x563ce5749740_0 .net "p", 0 0, L_0x563ce575d2a0;  1 drivers
v0x563ce5749820_0 .net "q", 0 0, L_0x563ce575d390;  1 drivers
v0x563ce57498e0_0 .net "r", 0 0, L_0x563ce575d200;  1 drivers
S_0x563ce5749a00 .scope generate, "genblk1[58]" "genblk1[58]" 3 10, 3 10 0, S_0x563ce571f590;
 .timescale -9 -12;
P_0x563ce5749bd0 .param/l "idx" 0 3 10, +C4<0111010>;
S_0x563ce5749cc0 .scope module, "gate1" "andg" 3 11, 4 3 0, S_0x563ce5749a00;
 .timescale -9 -12;
    .port_info 0 /INPUT 1 "p"
    .port_info 1 /INPUT 1 "q"
    .port_info 2 /OUTPUT 1 "r"
L_0x563ce575d830 .functor AND 1, L_0x563ce575d8d0, L_0x563ce575d9c0, C4<1>, C4<1>;
v0x563ce5749f20_0 .net "p", 0 0, L_0x563ce575d8d0;  1 drivers
v0x563ce574a000_0 .net "q", 0 0, L_0x563ce575d9c0;  1 drivers
v0x563ce574a0c0_0 .net "r", 0 0, L_0x563ce575d830;  1 drivers
S_0x563ce574a1e0 .scope generate, "genblk1[59]" "genblk1[59]" 3 10, 3 10 0, S_0x563ce571f590;
 .timescale -9 -12;
P_0x563ce574a3b0 .param/l "idx" 0 3 10, +C4<0111011>;
S_0x563ce574a4a0 .scope module, "gate1" "andg" 3 11, 4 3 0, S_0x563ce574a1e0;
 .timescale -9 -12;
    .port_info 0 /INPUT 1 "p"
    .port_info 1 /INPUT 1 "q"
    .port_info 2 /OUTPUT 1 "r"
L_0x563ce575de70 .functor AND 1, L_0x563ce575df10, L_0x563ce575e000, C4<1>, C4<1>;
v0x563ce574a700_0 .net "p", 0 0, L_0x563ce575df10;  1 drivers
v0x563ce574a7e0_0 .net "q", 0 0, L_0x563ce575e000;  1 drivers
v0x563ce574a8a0_0 .net "r", 0 0, L_0x563ce575de70;  1 drivers
S_0x563ce574a9c0 .scope generate, "genblk1[60]" "genblk1[60]" 3 10, 3 10 0, S_0x563ce571f590;
 .timescale -9 -12;
P_0x563ce574ab90 .param/l "idx" 0 3 10, +C4<0111100>;
S_0x563ce574ac80 .scope module, "gate1" "andg" 3 11, 4 3 0, S_0x563ce574a9c0;
 .timescale -9 -12;
    .port_info 0 /INPUT 1 "p"
    .port_info 1 /INPUT 1 "q"
    .port_info 2 /OUTPUT 1 "r"
L_0x563ce575e4c0 .functor AND 1, L_0x563ce575e560, L_0x563ce575e650, C4<1>, C4<1>;
v0x563ce574aee0_0 .net "p", 0 0, L_0x563ce575e560;  1 drivers
v0x563ce574afc0_0 .net "q", 0 0, L_0x563ce575e650;  1 drivers
v0x563ce574b080_0 .net "r", 0 0, L_0x563ce575e4c0;  1 drivers
S_0x563ce574b1a0 .scope generate, "genblk1[61]" "genblk1[61]" 3 10, 3 10 0, S_0x563ce571f590;
 .timescale -9 -12;
P_0x563ce574b370 .param/l "idx" 0 3 10, +C4<0111101>;
S_0x563ce574b460 .scope module, "gate1" "andg" 3 11, 4 3 0, S_0x563ce574b1a0;
 .timescale -9 -12;
    .port_info 0 /INPUT 1 "p"
    .port_info 1 /INPUT 1 "q"
    .port_info 2 /OUTPUT 1 "r"
L_0x563ce575eb20 .functor AND 1, L_0x563ce575ebc0, L_0x563ce575ecb0, C4<1>, C4<1>;
v0x563ce574b6c0_0 .net "p", 0 0, L_0x563ce575ebc0;  1 drivers
v0x563ce574b7a0_0 .net "q", 0 0, L_0x563ce575ecb0;  1 drivers
v0x563ce574b860_0 .net "r", 0 0, L_0x563ce575eb20;  1 drivers
S_0x563ce574b980 .scope generate, "genblk1[62]" "genblk1[62]" 3 10, 3 10 0, S_0x563ce571f590;
 .timescale -9 -12;
P_0x563ce574bb50 .param/l "idx" 0 3 10, +C4<0111110>;
S_0x563ce574bc40 .scope module, "gate1" "andg" 3 11, 4 3 0, S_0x563ce574b980;
 .timescale -9 -12;
    .port_info 0 /INPUT 1 "p"
    .port_info 1 /INPUT 1 "q"
    .port_info 2 /OUTPUT 1 "r"
L_0x563ce575f190 .functor AND 1, L_0x563ce575f230, L_0x563ce575fb30, C4<1>, C4<1>;
v0x563ce574bea0_0 .net "p", 0 0, L_0x563ce575f230;  1 drivers
v0x563ce574bf80_0 .net "q", 0 0, L_0x563ce575fb30;  1 drivers
v0x563ce574c040_0 .net "r", 0 0, L_0x563ce575f190;  1 drivers
S_0x563ce574c160 .scope generate, "genblk1[63]" "genblk1[63]" 3 10, 3 10 0, S_0x563ce571f590;
 .timescale -9 -12;
P_0x563ce574c330 .param/l "idx" 0 3 10, +C4<0111111>;
S_0x563ce574c420 .scope module, "gate1" "andg" 3 11, 4 3 0, S_0x563ce574c160;
 .timescale -9 -12;
    .port_info 0 /INPUT 1 "p"
    .port_info 1 /INPUT 1 "q"
    .port_info 2 /OUTPUT 1 "r"
L_0x563ce5760830 .functor AND 1, L_0x563ce57608d0, L_0x563ce57609c0, C4<1>, C4<1>;
v0x563ce574c680_0 .net "p", 0 0, L_0x563ce57608d0;  1 drivers
v0x563ce574c760_0 .net "q", 0 0, L_0x563ce57609c0;  1 drivers
v0x563ce574c820_0 .net "r", 0 0, L_0x563ce5760830;  1 drivers
    .scope S_0x563ce571f920;
T_0 ;
    %vpi_call 2 11 "$dumpfile", "and64_tb.vcd" {0 0 0};
    %vpi_call 2 12 "$dumpvars", 32'sb00000000000000000000000000000000, S_0x563ce571f920 {0 0 0};
    %pushi/vec4 0, 0, 64;
    %store/vec4 v0x563ce574cc70_0, 0, 64;
    %pushi/vec4 0, 0, 64;
    %store/vec4 v0x563ce574cd60_0, 0, 64;
    %end;
    .thread T_0;
    .scope S_0x563ce571f920;
T_1 ;
    %delay 50000, 0;
    %pushi/vec4 69, 0, 64;
    %store/vec4 v0x563ce574cc70_0, 0, 64;
    %delay 50000, 0;
    %pushi/vec4 4294967295, 0, 32;
    %concati/vec4 4294967200, 0, 32;
    %store/vec4 v0x563ce574cd60_0, 0, 64;
    %delay 50000, 0;
    %load/vec4 v0x563ce574cc70_0;
    %load/vec4 v0x563ce574cd60_0;
    %load/vec4 v0x563ce574ce30_0;
    %vpi_call 2 24 "$display", "time = %0t \011\012p = %b\012q = %b\012r = %b", $time, S<2,vec4,s64>, S<1,vec4,s64>, S<0,vec4,s64> {3 0 0};
    %delay 50000, 0;
    %pushi/vec4 4, 0, 64;
    %store/vec4 v0x563ce574cc70_0, 0, 64;
    %delay 50000, 0;
    %pushi/vec4 5, 0, 64;
    %store/vec4 v0x563ce574cd60_0, 0, 64;
    %delay 50000, 0;
    %load/vec4 v0x563ce574cc70_0;
    %load/vec4 v0x563ce574cd60_0;
    %load/vec4 v0x563ce574ce30_0;
    %vpi_call 2 30 "$display", "time = %0t \011\012p = %b\012q = %b\012r = %b", $time, S<2,vec4,s64>, S<1,vec4,s64>, S<0,vec4,s64> {3 0 0};
    %delay 50000, 0;
    %pushi/vec4 14, 0, 64;
    %store/vec4 v0x563ce574cc70_0, 0, 64;
    %delay 50000, 0;
    %pushi/vec4 9, 0, 64;
    %store/vec4 v0x563ce574cd60_0, 0, 64;
    %delay 50000, 0;
    %load/vec4 v0x563ce574cc70_0;
    %load/vec4 v0x563ce574cd60_0;
    %load/vec4 v0x563ce574ce30_0;
    %vpi_call 2 36 "$display", "time = %0t \011\012p = %b\012q = %b\012r = %b", $time, S<2,vec4,s64>, S<1,vec4,s64>, S<0,vec4,s64> {3 0 0};
    %delay 50000, 0;
    %pushi/vec4 4294967295, 0, 32;
    %concati/vec4 4294967201, 0, 32;
    %store/vec4 v0x563ce574cc70_0, 0, 64;
    %delay 50000, 0;
    %pushi/vec4 23, 0, 64;
    %store/vec4 v0x563ce574cd60_0, 0, 64;
    %delay 50000, 0;
    %load/vec4 v0x563ce574cc70_0;
    %load/vec4 v0x563ce574cd60_0;
    %load/vec4 v0x563ce574ce30_0;
    %vpi_call 2 42 "$display", "time = %0t \011\012p = %b\012q = %b\012r = %b", $time, S<2,vec4,s64>, S<1,vec4,s64>, S<0,vec4,s64> {3 0 0};
    %delay 50000, 0;
    %pushi/vec4 44, 0, 64;
    %store/vec4 v0x563ce574cc70_0, 0, 64;
    %delay 50000, 0;
    %pushi/vec4 4, 0, 64;
    %store/vec4 v0x563ce574cd60_0, 0, 64;
    %delay 50000, 0;
    %load/vec4 v0x563ce574cc70_0;
    %load/vec4 v0x563ce574cd60_0;
    %load/vec4 v0x563ce574ce30_0;
    %vpi_call 2 48 "$display", "time = %0t \011\012p = %b\012q = %b\012r = %b", $time, S<2,vec4,s64>, S<1,vec4,s64>, S<0,vec4,s64> {3 0 0};
    %end;
    .thread T_1;
# The file index is used to find the file name in the following table.
:file_names 5;
    "N/A";
    "<interactive>";
    "and64_tb.v";
    "and64.v";
    "andg.v";
