#! /usr/bin/vvp
:ivl_version "10.3 (stable)";
:ivl_delay_selection "TYPICAL";
:vpi_time_precision - 11;
:vpi_module "system";
:vpi_module "vhdl_sys";
:vpi_module "v2005_math";
:vpi_module "va_math";
S_0x564cae3d1050 .scope module, "decode" "decode" 2 3;
 .timescale -9 -11;
    .port_info 0 /INPUT 1 "clk"
    .port_info 1 /INPUT 1 "cnd"
    .port_info 2 /INPUT 4 "DrA"
    .port_info 3 /INPUT 4 "DrB"
    .port_info 4 /INPUT 64 "DvalC"
    .port_info 5 /INPUT 64 "DvalP"
    .port_info 6 /INPUT 4 "Dicode"
    .port_info 7 /INPUT 4 "Difun"
    .port_info 8 /INPUT 4 "edstE"
    .port_info 9 /INPUT 4 "edstM"
    .port_info 10 /INPUT 4 "MdstE"
    .port_info 11 /INPUT 4 "MdstM"
    .port_info 12 /INPUT 4 "WdstE"
    .port_info 13 /INPUT 4 "WdstM"
    .port_info 14 /INPUT 64 "evalE"
    .port_info 15 /INPUT 64 "MvalE"
    .port_info 16 /INPUT 64 "mvalM"
    .port_info 17 /INPUT 64 "WvalM"
    .port_info 18 /INPUT 64 "WvalE"
    .port_info 19 /OUTPUT 64 "rvalA"
    .port_info 20 /OUTPUT 64 "rvalB"
    .port_info 21 /OUTPUT 64 "rm0"
    .port_info 22 /OUTPUT 64 "rm1"
    .port_info 23 /OUTPUT 64 "rm2"
    .port_info 24 /OUTPUT 64 "rm3"
    .port_info 25 /OUTPUT 64 "rm4"
    .port_info 26 /OUTPUT 64 "rm5"
    .port_info 27 /OUTPUT 64 "rm6"
    .port_info 28 /OUTPUT 64 "rm7"
    .port_info 29 /OUTPUT 64 "rm8"
    .port_info 30 /OUTPUT 64 "rm9"
    .port_info 31 /OUTPUT 64 "rm10"
    .port_info 32 /OUTPUT 64 "rm11"
    .port_info 33 /OUTPUT 64 "rm12"
    .port_info 34 /OUTPUT 64 "rm13"
    .port_info 35 /OUTPUT 64 "rm14"
    .port_info 36 /OUTPUT 64 "dvalA"
    .port_info 37 /OUTPUT 64 "dvalB"
    .port_info 38 /OUTPUT 64 "dvalC"
    .port_info 39 /OUTPUT 4 "ddstE"
    .port_info 40 /OUTPUT 4 "ddstM"
    .port_info 41 /OUTPUT 4 "dsrcA"
    .port_info 42 /OUTPUT 4 "dsrcB"
    .port_info 43 /OUTPUT 4 "dicode"
    .port_info 44 /OUTPUT 4 "difun"
P_0x564cae403330 .param/l "CALL" 0 2 92, C4<1000>;
P_0x564cae403370 .param/l "CMOVXX" 0 2 86, C4<0010>;
P_0x564cae4033b0 .param/l "HALT" 0 2 84, C4<0000>;
P_0x564cae4033f0 .param/l "IRMOVQ" 0 2 87, C4<0011>;
P_0x564cae403430 .param/l "JXX" 0 2 91, C4<0111>;
P_0x564cae403470 .param/l "MRMOVQ" 0 2 89, C4<0101>;
P_0x564cae4034b0 .param/l "NOP" 0 2 85, C4<0001>;
P_0x564cae4034f0 .param/l "OPQ" 0 2 90, C4<0110>;
P_0x564cae403530 .param/l "POPQ" 0 2 95, C4<1011>;
P_0x564cae403570 .param/l "PUSHQ" 0 2 94, C4<1010>;
P_0x564cae4035b0 .param/l "RET" 0 2 93, C4<1001>;
P_0x564cae4035f0 .param/l "RMMOVQ" 0 2 88, C4<0100>;
o0x7f61b6dd9018 .functor BUFZ 4, C4<zzzz>; HiZ drive
v0x564cae3d1280_0 .net "Dicode", 3 0, o0x7f61b6dd9018;  0 drivers
o0x7f61b6dd9048 .functor BUFZ 4, C4<zzzz>; HiZ drive
v0x564cae43ce50_0 .net "Difun", 3 0, o0x7f61b6dd9048;  0 drivers
o0x7f61b6dd9078 .functor BUFZ 4, C4<zzzz>; HiZ drive
v0x564cae43cf30_0 .net "DrA", 3 0, o0x7f61b6dd9078;  0 drivers
o0x7f61b6dd90a8 .functor BUFZ 4, C4<zzzz>; HiZ drive
v0x564cae43cff0_0 .net "DrB", 3 0, o0x7f61b6dd90a8;  0 drivers
o0x7f61b6dd90d8 .functor BUFZ 64, C4<zzzzzzzzzzzzzzzzzzzzzzzzzzzzzzzzzzzzzzzzzzzzzzzzzzzzzzzzzzzzzzzz>; HiZ drive
v0x564cae43d0d0_0 .net "DvalC", 63 0, o0x7f61b6dd90d8;  0 drivers
o0x7f61b6dd9108 .functor BUFZ 64, C4<zzzzzzzzzzzzzzzzzzzzzzzzzzzzzzzzzzzzzzzzzzzzzzzzzzzzzzzzzzzzzzzz>; HiZ drive
v0x564cae43d200_0 .net "DvalP", 63 0, o0x7f61b6dd9108;  0 drivers
o0x7f61b6dd9138 .functor BUFZ 4, C4<zzzz>; HiZ drive
v0x564cae43d2e0_0 .net "MdstE", 3 0, o0x7f61b6dd9138;  0 drivers
o0x7f61b6dd9168 .functor BUFZ 4, C4<zzzz>; HiZ drive
v0x564cae43d3c0_0 .net "MdstM", 3 0, o0x7f61b6dd9168;  0 drivers
o0x7f61b6dd9198 .functor BUFZ 64, C4<zzzzzzzzzzzzzzzzzzzzzzzzzzzzzzzzzzzzzzzzzzzzzzzzzzzzzzzzzzzzzzzz>; HiZ drive
v0x564cae43d4a0_0 .net "MvalE", 63 0, o0x7f61b6dd9198;  0 drivers
o0x7f61b6dd91c8 .functor BUFZ 4, C4<zzzz>; HiZ drive
v0x564cae43d580_0 .net "WdstE", 3 0, o0x7f61b6dd91c8;  0 drivers
o0x7f61b6dd91f8 .functor BUFZ 4, C4<zzzz>; HiZ drive
v0x564cae43d660_0 .net "WdstM", 3 0, o0x7f61b6dd91f8;  0 drivers
o0x7f61b6dd9228 .functor BUFZ 64, C4<zzzzzzzzzzzzzzzzzzzzzzzzzzzzzzzzzzzzzzzzzzzzzzzzzzzzzzzzzzzzzzzz>; HiZ drive
v0x564cae43d740_0 .net "WvalE", 63 0, o0x7f61b6dd9228;  0 drivers
o0x7f61b6dd9258 .functor BUFZ 64, C4<zzzzzzzzzzzzzzzzzzzzzzzzzzzzzzzzzzzzzzzzzzzzzzzzzzzzzzzzzzzzzzzz>; HiZ drive
v0x564cae43d820_0 .net "WvalM", 63 0, o0x7f61b6dd9258;  0 drivers
o0x7f61b6dd9288 .functor BUFZ 1, C4<z>; HiZ drive
v0x564cae43d900_0 .net "clk", 0 0, o0x7f61b6dd9288;  0 drivers
o0x7f61b6dd92b8 .functor BUFZ 1, C4<z>; HiZ drive
v0x564cae43d9c0_0 .net "cnd", 0 0, o0x7f61b6dd92b8;  0 drivers
v0x564cae43da80_0 .var "ddstE", 3 0;
v0x564cae43db60_0 .var "ddstM", 3 0;
v0x564cae43dc40_0 .var "dicode", 3 0;
v0x564cae43dd20_0 .var "difun", 3 0;
v0x564cae43de00_0 .var "dsrcA", 3 0;
v0x564cae43dee0_0 .var "dsrcB", 3 0;
v0x564cae43dfc0_0 .var "dvalA", 63 0;
v0x564cae43e0a0_0 .var "dvalB", 63 0;
v0x564cae43e180_0 .var "dvalC", 63 0;
o0x7f61b6dd9498 .functor BUFZ 4, C4<zzzz>; HiZ drive
v0x564cae43e260_0 .net "edstE", 3 0, o0x7f61b6dd9498;  0 drivers
o0x7f61b6dd94c8 .functor BUFZ 4, C4<zzzz>; HiZ drive
v0x564cae43e340_0 .net "edstM", 3 0, o0x7f61b6dd94c8;  0 drivers
o0x7f61b6dd94f8 .functor BUFZ 64, C4<zzzzzzzzzzzzzzzzzzzzzzzzzzzzzzzzzzzzzzzzzzzzzzzzzzzzzzzzzzzzzzzz>; HiZ drive
v0x564cae43e420_0 .net "evalE", 63 0, o0x7f61b6dd94f8;  0 drivers
o0x7f61b6dd9528 .functor BUFZ 64, C4<zzzzzzzzzzzzzzzzzzzzzzzzzzzzzzzzzzzzzzzzzzzzzzzzzzzzzzzzzzzzzzzz>; HiZ drive
v0x564cae43e500_0 .net "mvalM", 63 0, o0x7f61b6dd9528;  0 drivers
v0x564cae43e5e0 .array "rm", 14 0, 63 0;
v0x564cae43e900_0 .var "rm0", 63 0;
v0x564cae43e9e0_0 .var "rm1", 63 0;
v0x564cae43eac0_0 .var "rm10", 63 0;
v0x564cae43eba0_0 .var "rm11", 63 0;
v0x564cae43ee90_0 .var "rm12", 63 0;
v0x564cae43ef70_0 .var "rm13", 63 0;
v0x564cae43f050_0 .var "rm14", 63 0;
v0x564cae43f130_0 .var "rm2", 63 0;
v0x564cae43f210_0 .var "rm3", 63 0;
v0x564cae43f2f0_0 .var "rm4", 63 0;
v0x564cae43f3d0_0 .var "rm5", 63 0;
v0x564cae43f4b0_0 .var "rm6", 63 0;
v0x564cae43f590_0 .var "rm7", 63 0;
v0x564cae43f670_0 .var "rm8", 63 0;
v0x564cae43f750_0 .var "rm9", 63 0;
v0x564cae43f830_0 .var "rvalA", 63 0;
v0x564cae43f910_0 .var "rvalB", 63 0;
E_0x564cae40d200 .event edge, v0x564cae3d1280_0, v0x564cae43ce50_0, v0x564cae43d0d0_0;
E_0x564cae40d620/0 .event edge, v0x564cae3d1280_0, v0x564cae43d200_0, v0x564cae43de00_0, v0x564cae43e340_0;
E_0x564cae40d620/1 .event edge, v0x564cae43e420_0, v0x564cae43d3c0_0, v0x564cae43e500_0, v0x564cae43d2e0_0;
E_0x564cae40d620/2 .event edge, v0x564cae43d4a0_0, v0x564cae43d660_0, v0x564cae43d820_0, v0x564cae43d580_0;
E_0x564cae40d620/3 .event edge, v0x564cae43d740_0, v0x564cae43f830_0, v0x564cae43dee0_0, v0x564cae43e260_0;
E_0x564cae40d620/4 .event edge, v0x564cae43f910_0;
E_0x564cae40d620 .event/or E_0x564cae40d620/0, E_0x564cae40d620/1, E_0x564cae40d620/2, E_0x564cae40d620/3, E_0x564cae40d620/4;
E_0x564cae40a8c0/0 .event edge, v0x564cae43dc40_0, v0x564cae43cf30_0, v0x564cae43cff0_0, v0x564cae43de00_0;
v0x564cae43e5e0_0 .array/port v0x564cae43e5e0, 0;
v0x564cae43e5e0_1 .array/port v0x564cae43e5e0, 1;
v0x564cae43e5e0_2 .array/port v0x564cae43e5e0, 2;
v0x564cae43e5e0_3 .array/port v0x564cae43e5e0, 3;
E_0x564cae40a8c0/1 .event edge, v0x564cae43e5e0_0, v0x564cae43e5e0_1, v0x564cae43e5e0_2, v0x564cae43e5e0_3;
v0x564cae43e5e0_4 .array/port v0x564cae43e5e0, 4;
v0x564cae43e5e0_5 .array/port v0x564cae43e5e0, 5;
v0x564cae43e5e0_6 .array/port v0x564cae43e5e0, 6;
v0x564cae43e5e0_7 .array/port v0x564cae43e5e0, 7;
E_0x564cae40a8c0/2 .event edge, v0x564cae43e5e0_4, v0x564cae43e5e0_5, v0x564cae43e5e0_6, v0x564cae43e5e0_7;
v0x564cae43e5e0_8 .array/port v0x564cae43e5e0, 8;
v0x564cae43e5e0_9 .array/port v0x564cae43e5e0, 9;
v0x564cae43e5e0_10 .array/port v0x564cae43e5e0, 10;
v0x564cae43e5e0_11 .array/port v0x564cae43e5e0, 11;
E_0x564cae40a8c0/3 .event edge, v0x564cae43e5e0_8, v0x564cae43e5e0_9, v0x564cae43e5e0_10, v0x564cae43e5e0_11;
v0x564cae43e5e0_12 .array/port v0x564cae43e5e0, 12;
v0x564cae43e5e0_13 .array/port v0x564cae43e5e0, 13;
v0x564cae43e5e0_14 .array/port v0x564cae43e5e0, 14;
E_0x564cae40a8c0/4 .event edge, v0x564cae43e5e0_12, v0x564cae43e5e0_13, v0x564cae43e5e0_14, v0x564cae43dee0_0;
E_0x564cae40a8c0 .event/or E_0x564cae40a8c0/0, E_0x564cae40a8c0/1, E_0x564cae40a8c0/2, E_0x564cae40a8c0/3, E_0x564cae40a8c0/4;
    .scope S_0x564cae3d1050;
T_0 ;
    %pushi/vec4 0, 0, 64;
    %ix/load 4, 0, 0;
    %flag_set/imm 4, 0;
    %store/vec4a v0x564cae43e5e0, 4, 0;
    %pushi/vec4 1, 0, 64;
    %ix/load 4, 1, 0;
    %flag_set/imm 4, 0;
    %store/vec4a v0x564cae43e5e0, 4, 0;
    %pushi/vec4 2, 0, 64;
    %ix/load 4, 2, 0;
    %flag_set/imm 4, 0;
    %store/vec4a v0x564cae43e5e0, 4, 0;
    %pushi/vec4 3, 0, 64;
    %ix/load 4, 3, 0;
    %flag_set/imm 4, 0;
    %store/vec4a v0x564cae43e5e0, 4, 0;
    %pushi/vec4 4, 0, 64;
    %ix/load 4, 4, 0;
    %flag_set/imm 4, 0;
    %store/vec4a v0x564cae43e5e0, 4, 0;
    %pushi/vec4 5, 0, 64;
    %ix/load 4, 5, 0;
    %flag_set/imm 4, 0;
    %store/vec4a v0x564cae43e5e0, 4, 0;
    %pushi/vec4 6, 0, 64;
    %ix/load 4, 6, 0;
    %flag_set/imm 4, 0;
    %store/vec4a v0x564cae43e5e0, 4, 0;
    %pushi/vec4 7, 0, 64;
    %ix/load 4, 7, 0;
    %flag_set/imm 4, 0;
    %store/vec4a v0x564cae43e5e0, 4, 0;
    %pushi/vec4 8, 0, 64;
    %ix/load 4, 8, 0;
    %flag_set/imm 4, 0;
    %store/vec4a v0x564cae43e5e0, 4, 0;
    %pushi/vec4 9, 0, 64;
    %ix/load 4, 9, 0;
    %flag_set/imm 4, 0;
    %store/vec4a v0x564cae43e5e0, 4, 0;
    %pushi/vec4 10, 0, 64;
    %ix/load 4, 10, 0;
    %flag_set/imm 4, 0;
    %store/vec4a v0x564cae43e5e0, 4, 0;
    %pushi/vec4 11, 0, 64;
    %ix/load 4, 11, 0;
    %flag_set/imm 4, 0;
    %store/vec4a v0x564cae43e5e0, 4, 0;
    %pushi/vec4 12, 0, 64;
    %ix/load 4, 12, 0;
    %flag_set/imm 4, 0;
    %store/vec4a v0x564cae43e5e0, 4, 0;
    %pushi/vec4 13, 0, 64;
    %ix/load 4, 13, 0;
    %flag_set/imm 4, 0;
    %store/vec4a v0x564cae43e5e0, 4, 0;
    %pushi/vec4 14, 0, 64;
    %ix/load 4, 14, 0;
    %flag_set/imm 4, 0;
    %store/vec4a v0x564cae43e5e0, 4, 0;
    %pushi/vec4 0, 0, 64;
    %store/vec4 v0x564cae43f830_0, 0, 64;
    %pushi/vec4 0, 0, 64;
    %store/vec4 v0x564cae43f910_0, 0, 64;
    %end;
    .thread T_0;
    .scope S_0x564cae3d1050;
T_1 ;
    %wait E_0x564cae40a8c0;
    %load/vec4 v0x564cae43dc40_0;
    %dup/vec4;
    %pushi/vec4 2, 0, 4;
    %cmp/u;
    %jmp/1 T_1.0, 6;
    %dup/vec4;
    %pushi/vec4 3, 0, 4;
    %cmp/u;
    %jmp/1 T_1.1, 6;
    %dup/vec4;
    %pushi/vec4 4, 0, 4;
    %cmp/u;
    %jmp/1 T_1.2, 6;
    %dup/vec4;
    %pushi/vec4 5, 0, 4;
    %cmp/u;
    %jmp/1 T_1.3, 6;
    %dup/vec4;
    %pushi/vec4 6, 0, 4;
    %cmp/u;
    %jmp/1 T_1.4, 6;
    %dup/vec4;
    %pushi/vec4 8, 0, 4;
    %cmp/u;
    %jmp/1 T_1.5, 6;
    %dup/vec4;
    %pushi/vec4 9, 0, 4;
    %cmp/u;
    %jmp/1 T_1.6, 6;
    %dup/vec4;
    %pushi/vec4 10, 0, 4;
    %cmp/u;
    %jmp/1 T_1.7, 6;
    %dup/vec4;
    %pushi/vec4 11, 0, 4;
    %cmp/u;
    %jmp/1 T_1.8, 6;
    %jmp T_1.9;
T_1.0 ;
    %load/vec4 v0x564cae43cf30_0;
    %store/vec4 v0x564cae43de00_0, 0, 4;
    %load/vec4 v0x564cae43cff0_0;
    %store/vec4 v0x564cae43da80_0, 0, 4;
    %load/vec4 v0x564cae43de00_0;
    %pad/u 6;
    %ix/vec4 4;
    %load/vec4a v0x564cae43e5e0, 4;
    %store/vec4 v0x564cae43f830_0, 0, 64;
    %jmp T_1.9;
T_1.1 ;
    %load/vec4 v0x564cae43cff0_0;
    %store/vec4 v0x564cae43da80_0, 0, 4;
    %jmp T_1.9;
T_1.2 ;
    %load/vec4 v0x564cae43cf30_0;
    %store/vec4 v0x564cae43de00_0, 0, 4;
    %load/vec4 v0x564cae43cff0_0;
    %store/vec4 v0x564cae43dee0_0, 0, 4;
    %load/vec4 v0x564cae43de00_0;
    %pad/u 6;
    %ix/vec4 4;
    %load/vec4a v0x564cae43e5e0, 4;
    %store/vec4 v0x564cae43f830_0, 0, 64;
    %load/vec4 v0x564cae43dee0_0;
    %pad/u 6;
    %ix/vec4 4;
    %load/vec4a v0x564cae43e5e0, 4;
    %store/vec4 v0x564cae43f910_0, 0, 64;
    %jmp T_1.9;
T_1.3 ;
    %load/vec4 v0x564cae43cff0_0;
    %store/vec4 v0x564cae43dee0_0, 0, 4;
    %load/vec4 v0x564cae43cf30_0;
    %store/vec4 v0x564cae43db60_0, 0, 4;
    %load/vec4 v0x564cae43dee0_0;
    %pad/u 6;
    %ix/vec4 4;
    %load/vec4a v0x564cae43e5e0, 4;
    %store/vec4 v0x564cae43f910_0, 0, 64;
    %jmp T_1.9;
T_1.4 ;
    %load/vec4 v0x564cae43cff0_0;
    %store/vec4 v0x564cae43dee0_0, 0, 4;
    %load/vec4 v0x564cae43cf30_0;
    %store/vec4 v0x564cae43de00_0, 0, 4;
    %load/vec4 v0x564cae43cff0_0;
    %store/vec4 v0x564cae43da80_0, 0, 4;
    %load/vec4 v0x564cae43de00_0;
    %pad/u 6;
    %ix/vec4 4;
    %load/vec4a v0x564cae43e5e0, 4;
    %store/vec4 v0x564cae43f830_0, 0, 64;
    %load/vec4 v0x564cae43dee0_0;
    %pad/u 6;
    %ix/vec4 4;
    %load/vec4a v0x564cae43e5e0, 4;
    %store/vec4 v0x564cae43f910_0, 0, 64;
    %jmp T_1.9;
T_1.5 ;
    %pushi/vec4 4, 0, 4;
    %store/vec4 v0x564cae43dee0_0, 0, 4;
    %pushi/vec4 4, 0, 4;
    %store/vec4 v0x564cae43da80_0, 0, 4;
    %ix/load 4, 4, 0;
    %flag_set/imm 4, 0;
    %load/vec4a v0x564cae43e5e0, 4;
    %store/vec4 v0x564cae43f910_0, 0, 64;
    %jmp T_1.9;
T_1.6 ;
    %pushi/vec4 4, 0, 4;
    %store/vec4 v0x564cae43de00_0, 0, 4;
    %pushi/vec4 4, 0, 4;
    %store/vec4 v0x564cae43dee0_0, 0, 4;
    %pushi/vec4 4, 0, 4;
    %store/vec4 v0x564cae43da80_0, 0, 4;
    %ix/load 4, 4, 0;
    %flag_set/imm 4, 0;
    %load/vec4a v0x564cae43e5e0, 4;
    %store/vec4 v0x564cae43f830_0, 0, 64;
    %ix/load 4, 4, 0;
    %flag_set/imm 4, 0;
    %load/vec4a v0x564cae43e5e0, 4;
    %store/vec4 v0x564cae43f910_0, 0, 64;
    %jmp T_1.9;
T_1.7 ;
    %load/vec4 v0x564cae43cf30_0;
    %store/vec4 v0x564cae43de00_0, 0, 4;
    %pushi/vec4 4, 0, 4;
    %store/vec4 v0x564cae43dee0_0, 0, 4;
    %pushi/vec4 4, 0, 4;
    %store/vec4 v0x564cae43da80_0, 0, 4;
    %load/vec4 v0x564cae43de00_0;
    %pad/u 6;
    %ix/vec4 4;
    %load/vec4a v0x564cae43e5e0, 4;
    %store/vec4 v0x564cae43f830_0, 0, 64;
    %ix/load 4, 4, 0;
    %flag_set/imm 4, 0;
    %load/vec4a v0x564cae43e5e0, 4;
    %store/vec4 v0x564cae43f910_0, 0, 64;
    %jmp T_1.9;
T_1.8 ;
    %pushi/vec4 4, 0, 4;
    %store/vec4 v0x564cae43de00_0, 0, 4;
    %pushi/vec4 4, 0, 4;
    %store/vec4 v0x564cae43dee0_0, 0, 4;
    %pushi/vec4 4, 0, 4;
    %store/vec4 v0x564cae43da80_0, 0, 4;
    %load/vec4 v0x564cae43cf30_0;
    %store/vec4 v0x564cae43db60_0, 0, 4;
    %ix/load 4, 4, 0;
    %flag_set/imm 4, 0;
    %load/vec4a v0x564cae43e5e0, 4;
    %store/vec4 v0x564cae43f830_0, 0, 64;
    %ix/load 4, 4, 0;
    %flag_set/imm 4, 0;
    %load/vec4a v0x564cae43e5e0, 4;
    %store/vec4 v0x564cae43f910_0, 0, 64;
    %jmp T_1.9;
T_1.9 ;
    %pop/vec4 1;
    %jmp T_1;
    .thread T_1, $push;
    .scope S_0x564cae3d1050;
T_2 ;
    %wait E_0x564cae40d620;
    %load/vec4 v0x564cae3d1280_0;
    %cmpi/e 7, 0, 4;
    %flag_mov 8, 4;
    %load/vec4 v0x564cae3d1280_0;
    %cmpi/e 8, 0, 4;
    %flag_or 4, 8;
    %jmp/0xz  T_2.0, 4;
    %load/vec4 v0x564cae43d200_0;
    %store/vec4 v0x564cae43dfc0_0, 0, 64;
    %jmp T_2.1;
T_2.0 ;
    %load/vec4 v0x564cae43de00_0;
    %load/vec4 v0x564cae43e340_0;
    %cmp/e;
    %jmp/0xz  T_2.2, 4;
    %load/vec4 v0x564cae43e420_0;
    %store/vec4 v0x564cae43dfc0_0, 0, 64;
    %jmp T_2.3;
T_2.2 ;
    %load/vec4 v0x564cae43de00_0;
    %load/vec4 v0x564cae43d3c0_0;
    %cmp/e;
    %jmp/0xz  T_2.4, 4;
    %load/vec4 v0x564cae43e500_0;
    %store/vec4 v0x564cae43dfc0_0, 0, 64;
    %jmp T_2.5;
T_2.4 ;
    %load/vec4 v0x564cae43de00_0;
    %load/vec4 v0x564cae43d2e0_0;
    %cmp/e;
    %jmp/0xz  T_2.6, 4;
    %load/vec4 v0x564cae43d4a0_0;
    %store/vec4 v0x564cae43dfc0_0, 0, 64;
    %jmp T_2.7;
T_2.6 ;
    %load/vec4 v0x564cae43de00_0;
    %load/vec4 v0x564cae43d660_0;
    %cmp/e;
    %jmp/0xz  T_2.8, 4;
    %load/vec4 v0x564cae43d820_0;
    %store/vec4 v0x564cae43dfc0_0, 0, 64;
    %jmp T_2.9;
T_2.8 ;
    %load/vec4 v0x564cae43de00_0;
    %load/vec4 v0x564cae43d580_0;
    %cmp/e;
    %jmp/0xz  T_2.10, 4;
    %load/vec4 v0x564cae43d740_0;
    %store/vec4 v0x564cae43dfc0_0, 0, 64;
    %jmp T_2.11;
T_2.10 ;
    %load/vec4 v0x564cae43f830_0;
    %store/vec4 v0x564cae43dfc0_0, 0, 64;
T_2.11 ;
T_2.9 ;
T_2.7 ;
T_2.5 ;
T_2.3 ;
T_2.1 ;
    %load/vec4 v0x564cae43dee0_0;
    %load/vec4 v0x564cae43e260_0;
    %cmp/e;
    %jmp/0xz  T_2.12, 4;
    %load/vec4 v0x564cae43e420_0;
    %store/vec4 v0x564cae43e0a0_0, 0, 64;
    %jmp T_2.13;
T_2.12 ;
    %load/vec4 v0x564cae43dee0_0;
    %load/vec4 v0x564cae43d3c0_0;
    %cmp/e;
    %jmp/0xz  T_2.14, 4;
    %load/vec4 v0x564cae43e500_0;
    %store/vec4 v0x564cae43e0a0_0, 0, 64;
    %jmp T_2.15;
T_2.14 ;
    %load/vec4 v0x564cae43dee0_0;
    %load/vec4 v0x564cae43d2e0_0;
    %cmp/e;
    %jmp/0xz  T_2.16, 4;
    %load/vec4 v0x564cae43d4a0_0;
    %store/vec4 v0x564cae43e0a0_0, 0, 64;
    %jmp T_2.17;
T_2.16 ;
    %load/vec4 v0x564cae43dee0_0;
    %load/vec4 v0x564cae43d660_0;
    %cmp/e;
    %jmp/0xz  T_2.18, 4;
    %load/vec4 v0x564cae43d820_0;
    %store/vec4 v0x564cae43e0a0_0, 0, 64;
    %jmp T_2.19;
T_2.18 ;
    %load/vec4 v0x564cae43dee0_0;
    %load/vec4 v0x564cae43d580_0;
    %cmp/e;
    %jmp/0xz  T_2.20, 4;
    %load/vec4 v0x564cae43d740_0;
    %store/vec4 v0x564cae43e0a0_0, 0, 64;
    %jmp T_2.21;
T_2.20 ;
    %load/vec4 v0x564cae43f910_0;
    %store/vec4 v0x564cae43e0a0_0, 0, 64;
T_2.21 ;
T_2.19 ;
T_2.17 ;
T_2.15 ;
T_2.13 ;
    %jmp T_2;
    .thread T_2, $push;
    .scope S_0x564cae3d1050;
T_3 ;
    %wait E_0x564cae40d200;
    %load/vec4 v0x564cae3d1280_0;
    %store/vec4 v0x564cae43dc40_0, 0, 4;
    %load/vec4 v0x564cae43ce50_0;
    %store/vec4 v0x564cae43dd20_0, 0, 4;
    %load/vec4 v0x564cae43d0d0_0;
    %store/vec4 v0x564cae43e180_0, 0, 64;
    %jmp T_3;
    .thread T_3, $push;
# The file index is used to find the file name in the following table.
:file_names 3;
    "N/A";
    "<interactive>";
    "decode.v";
