#! /usr/bin/vvp
:ivl_version "10.3 (stable)";
:ivl_delay_selection "TYPICAL";
:vpi_time_precision - 11;
:vpi_module "system";
:vpi_module "vhdl_sys";
:vpi_module "v2005_math";
:vpi_module "va_math";
S_0x561bc63430f0 .scope module, "fetch" "fetch" 2 3;
 .timescale -9 -11;
    .port_info 0 /INPUT 1 "clk"
    .port_info 1 /OUTPUT 4 "ficode"
    .port_info 2 /OUTPUT 4 "fifun"
    .port_info 3 /OUTPUT 4 "frA"
    .port_info 4 /OUTPUT 4 "frB"
    .port_info 5 /OUTPUT 64 "fvalC"
    .port_info 6 /OUTPUT 64 "fvalP"
    .port_info 7 /OUTPUT 1 "halt"
    .port_info 8 /OUTPUT 64 "prPC"
    .port_info 9 /INPUT 64 "fPC"
P_0x561bc6398e10 .param/l "CALL" 0 2 49, C4<1000>;
P_0x561bc6398e50 .param/l "CMOVXX" 0 2 43, C4<0010>;
P_0x561bc6398e90 .param/l "HALT" 0 2 41, C4<0000>;
P_0x561bc6398ed0 .param/l "IRMOVQ" 0 2 44, C4<0011>;
P_0x561bc6398f10 .param/l "JXX" 0 2 48, C4<0111>;
P_0x561bc6398f50 .param/l "MRMOVQ" 0 2 46, C4<0101>;
P_0x561bc6398f90 .param/l "NOP" 0 2 42, C4<0001>;
P_0x561bc6398fd0 .param/l "OPQ" 0 2 47, C4<0110>;
P_0x561bc6399010 .param/l "POPQ" 0 2 52, C4<1011>;
P_0x561bc6399050 .param/l "PUSHQ" 0 2 51, C4<1010>;
P_0x561bc6399090 .param/l "RET" 0 2 50, C4<1001>;
P_0x561bc63990d0 .param/l "RMMOVQ" 0 2 45, C4<0100>;
v0x561bc6399270_0 .var "aok", 0 0;
o0x7fc5bd328048 .functor BUFZ 1, C4<z>; HiZ drive
v0x561bc63b9070_0 .net "clk", 0 0, o0x7fc5bd328048;  0 drivers
o0x7fc5bd328078 .functor BUFZ 64, C4<zzzzzzzzzzzzzzzzzzzzzzzzzzzzzzzzzzzzzzzzzzzzzzzzzzzzzzzzzzzzzzzz>; HiZ drive
v0x561bc63b9130_0 .net "fPC", 63 0, o0x7fc5bd328078;  0 drivers
v0x561bc63b91f0_0 .var "ficode", 3 0;
v0x561bc63b92d0_0 .var "fifun", 3 0;
v0x561bc63b9400_0 .var "frA", 3 0;
v0x561bc63b94e0_0 .var "frB", 3 0;
v0x561bc63b95c0_0 .var "fvalC", 63 0;
v0x561bc63b96a0_0 .var "fvalP", 63 0;
v0x561bc63b9780_0 .var "halt", 0 0;
v0x561bc63b9840_0 .var "ins", 0 0;
v0x561bc63b9900 .array "mem", 0 1023, 7 0;
v0x561bc63b99c0_0 .var "prPC", 63 0;
E_0x561bc637a6c0 .event edge, v0x561bc63b91f0_0, v0x561bc63b95c0_0, v0x561bc63b96a0_0;
E_0x561bc637a9a0 .event posedge, v0x561bc63b9070_0;
    .scope S_0x561bc63430f0;
T_0 ;
    %pushi/vec4 0, 0, 64;
    %store/vec4 v0x561bc63b95c0_0, 0, 64;
    %pushi/vec4 0, 0, 64;
    %store/vec4 v0x561bc63b96a0_0, 0, 64;
    %pushi/vec4 0, 0, 1;
    %store/vec4 v0x561bc63b9780_0, 0, 1;
    %end;
    .thread T_0;
    .scope S_0x561bc63430f0;
T_1 ;
    %pushi/vec4 48, 0, 8;
    %ix/load 4, 2, 0;
    %flag_set/imm 4, 0;
    %store/vec4a v0x561bc63b9900, 4, 0;
    %pushi/vec4 242, 0, 8;
    %ix/load 4, 3, 0;
    %flag_set/imm 4, 0;
    %store/vec4a v0x561bc63b9900, 4, 0;
    %pushi/vec4 170, 0, 8;
    %ix/load 4, 4, 0;
    %flag_set/imm 4, 0;
    %store/vec4a v0x561bc63b9900, 4, 0;
    %pushi/vec4 0, 0, 8;
    %ix/load 4, 5, 0;
    %flag_set/imm 4, 0;
    %store/vec4a v0x561bc63b9900, 4, 0;
    %pushi/vec4 0, 0, 8;
    %ix/load 4, 6, 0;
    %flag_set/imm 4, 0;
    %store/vec4a v0x561bc63b9900, 4, 0;
    %pushi/vec4 0, 0, 8;
    %ix/load 4, 7, 0;
    %flag_set/imm 4, 0;
    %store/vec4a v0x561bc63b9900, 4, 0;
    %pushi/vec4 0, 0, 8;
    %ix/load 4, 8, 0;
    %flag_set/imm 4, 0;
    %store/vec4a v0x561bc63b9900, 4, 0;
    %pushi/vec4 0, 0, 8;
    %ix/load 4, 9, 0;
    %flag_set/imm 4, 0;
    %store/vec4a v0x561bc63b9900, 4, 0;
    %pushi/vec4 0, 0, 8;
    %ix/load 4, 10, 0;
    %flag_set/imm 4, 0;
    %store/vec4a v0x561bc63b9900, 4, 0;
    %pushi/vec4 0, 0, 8;
    %ix/load 4, 11, 0;
    %flag_set/imm 4, 0;
    %store/vec4a v0x561bc63b9900, 4, 0;
    %pushi/vec4 48, 0, 8;
    %ix/load 4, 12, 0;
    %flag_set/imm 4, 0;
    %store/vec4a v0x561bc63b9900, 4, 0;
    %pushi/vec4 243, 0, 8;
    %ix/load 4, 13, 0;
    %flag_set/imm 4, 0;
    %store/vec4a v0x561bc63b9900, 4, 0;
    %pushi/vec4 203, 0, 8;
    %ix/load 4, 14, 0;
    %flag_set/imm 4, 0;
    %store/vec4a v0x561bc63b9900, 4, 0;
    %pushi/vec4 0, 0, 8;
    %ix/load 4, 15, 0;
    %flag_set/imm 4, 0;
    %store/vec4a v0x561bc63b9900, 4, 0;
    %pushi/vec4 0, 0, 8;
    %ix/load 4, 16, 0;
    %flag_set/imm 4, 0;
    %store/vec4a v0x561bc63b9900, 4, 0;
    %pushi/vec4 0, 0, 8;
    %ix/load 4, 17, 0;
    %flag_set/imm 4, 0;
    %store/vec4a v0x561bc63b9900, 4, 0;
    %pushi/vec4 0, 0, 8;
    %ix/load 4, 18, 0;
    %flag_set/imm 4, 0;
    %store/vec4a v0x561bc63b9900, 4, 0;
    %pushi/vec4 0, 0, 8;
    %ix/load 4, 19, 0;
    %flag_set/imm 4, 0;
    %store/vec4a v0x561bc63b9900, 4, 0;
    %pushi/vec4 0, 0, 8;
    %ix/load 4, 20, 0;
    %flag_set/imm 4, 0;
    %store/vec4a v0x561bc63b9900, 4, 0;
    %pushi/vec4 0, 0, 8;
    %ix/load 4, 21, 0;
    %flag_set/imm 4, 0;
    %store/vec4a v0x561bc63b9900, 4, 0;
    %pushi/vec4 32, 0, 8;
    %ix/load 4, 22, 0;
    %flag_set/imm 4, 0;
    %store/vec4a v0x561bc63b9900, 4, 0;
    %pushi/vec4 52, 0, 8;
    %ix/load 4, 23, 0;
    %flag_set/imm 4, 0;
    %store/vec4a v0x561bc63b9900, 4, 0;
    %pushi/vec4 96, 0, 8;
    %ix/load 4, 24, 0;
    %flag_set/imm 4, 0;
    %store/vec4a v0x561bc63b9900, 4, 0;
    %pushi/vec4 36, 0, 8;
    %ix/load 4, 25, 0;
    %flag_set/imm 4, 0;
    %store/vec4a v0x561bc63b9900, 4, 0;
    %pushi/vec4 97, 0, 8;
    %ix/load 4, 26, 0;
    %flag_set/imm 4, 0;
    %store/vec4a v0x561bc63b9900, 4, 0;
    %pushi/vec4 53, 0, 8;
    %ix/load 4, 27, 0;
    %flag_set/imm 4, 0;
    %store/vec4a v0x561bc63b9900, 4, 0;
    %pushi/vec4 33, 0, 8;
    %ix/load 4, 28, 0;
    %flag_set/imm 4, 0;
    %store/vec4a v0x561bc63b9900, 4, 0;
    %pushi/vec4 86, 0, 8;
    %ix/load 4, 29, 0;
    %flag_set/imm 4, 0;
    %store/vec4a v0x561bc63b9900, 4, 0;
    %pushi/vec4 114, 0, 8;
    %ix/load 4, 30, 0;
    %flag_set/imm 4, 0;
    %store/vec4a v0x561bc63b9900, 4, 0;
    %pushi/vec4 116, 0, 8;
    %ix/load 4, 31, 0;
    %flag_set/imm 4, 0;
    %store/vec4a v0x561bc63b9900, 4, 0;
    %pushi/vec4 0, 0, 8;
    %ix/load 4, 32, 0;
    %flag_set/imm 4, 0;
    %store/vec4a v0x561bc63b9900, 4, 0;
    %pushi/vec4 0, 0, 8;
    %ix/load 4, 33, 0;
    %flag_set/imm 4, 0;
    %store/vec4a v0x561bc63b9900, 4, 0;
    %pushi/vec4 0, 0, 8;
    %ix/load 4, 34, 0;
    %flag_set/imm 4, 0;
    %store/vec4a v0x561bc63b9900, 4, 0;
    %pushi/vec4 0, 0, 8;
    %ix/load 4, 35, 0;
    %flag_set/imm 4, 0;
    %store/vec4a v0x561bc63b9900, 4, 0;
    %pushi/vec4 0, 0, 8;
    %ix/load 4, 36, 0;
    %flag_set/imm 4, 0;
    %store/vec4a v0x561bc63b9900, 4, 0;
    %pushi/vec4 0, 0, 8;
    %ix/load 4, 37, 0;
    %flag_set/imm 4, 0;
    %store/vec4a v0x561bc63b9900, 4, 0;
    %pushi/vec4 0, 0, 8;
    %ix/load 4, 38, 0;
    %flag_set/imm 4, 0;
    %store/vec4a v0x561bc63b9900, 4, 0;
    %pushi/vec4 80, 0, 8;
    %ix/load 4, 39, 0;
    %flag_set/imm 4, 0;
    %store/vec4a v0x561bc63b9900, 4, 0;
    %pushi/vec4 227, 0, 8;
    %ix/load 4, 40, 0;
    %flag_set/imm 4, 0;
    %store/vec4a v0x561bc63b9900, 4, 0;
    %pushi/vec4 0, 0, 8;
    %ix/load 4, 41, 0;
    %flag_set/imm 4, 0;
    %store/vec4a v0x561bc63b9900, 4, 0;
    %pushi/vec4 0, 0, 8;
    %ix/load 4, 42, 0;
    %flag_set/imm 4, 0;
    %store/vec4a v0x561bc63b9900, 4, 0;
    %pushi/vec4 0, 0, 8;
    %ix/load 4, 43, 0;
    %flag_set/imm 4, 0;
    %store/vec4a v0x561bc63b9900, 4, 0;
    %pushi/vec4 0, 0, 8;
    %ix/load 4, 44, 0;
    %flag_set/imm 4, 0;
    %store/vec4a v0x561bc63b9900, 4, 0;
    %pushi/vec4 0, 0, 8;
    %ix/load 4, 45, 0;
    %flag_set/imm 4, 0;
    %store/vec4a v0x561bc63b9900, 4, 0;
    %pushi/vec4 0, 0, 8;
    %ix/load 4, 46, 0;
    %flag_set/imm 4, 0;
    %store/vec4a v0x561bc63b9900, 4, 0;
    %pushi/vec4 0, 0, 8;
    %ix/load 4, 47, 0;
    %flag_set/imm 4, 0;
    %store/vec4a v0x561bc63b9900, 4, 0;
    %pushi/vec4 0, 0, 8;
    %ix/load 4, 48, 0;
    %flag_set/imm 4, 0;
    %store/vec4a v0x561bc63b9900, 4, 0;
    %end;
    .thread T_1;
    .scope S_0x561bc63430f0;
T_2 ;
    %wait E_0x561bc637a9a0;
    %ix/getv 4, v0x561bc63b9130_0;
    %load/vec4a v0x561bc63b9900, 4;
    %parti/s 4, 4, 4;
    %store/vec4 v0x561bc63b91f0_0, 0, 4;
    %ix/getv 4, v0x561bc63b9130_0;
    %load/vec4a v0x561bc63b9900, 4;
    %parti/s 4, 0, 2;
    %store/vec4 v0x561bc63b92d0_0, 0, 4;
    %load/vec4 v0x561bc63b91f0_0;
    %cmpi/e 0, 0, 4;
    %jmp/0xz  T_2.0, 4;
    %pushi/vec4 1, 0, 1;
    %store/vec4 v0x561bc63b9780_0, 0, 1;
    %load/vec4 v0x561bc63b9130_0;
    %addi 0, 0, 64;
    %store/vec4 v0x561bc63b96a0_0, 0, 64;
    %jmp T_2.1;
T_2.0 ;
    %load/vec4 v0x561bc63b91f0_0;
    %cmpi/e 1, 0, 4;
    %jmp/0xz  T_2.2, 4;
    %load/vec4 v0x561bc63b9130_0;
    %addi 1, 0, 64;
    %store/vec4 v0x561bc63b96a0_0, 0, 64;
    %jmp T_2.3;
T_2.2 ;
    %load/vec4 v0x561bc63b91f0_0;
    %cmpi/e 2, 0, 4;
    %jmp/0xz  T_2.4, 4;
    %load/vec4 v0x561bc63b9130_0;
    %pad/u 65;
    %addi 1, 0, 65;
    %ix/vec4 4;
    %load/vec4a v0x561bc63b9900, 4;
    %parti/s 4, 4, 4;
    %store/vec4 v0x561bc63b9400_0, 0, 4;
    %load/vec4 v0x561bc63b9130_0;
    %pad/u 65;
    %addi 1, 0, 65;
    %ix/vec4 4;
    %load/vec4a v0x561bc63b9900, 4;
    %parti/s 4, 0, 2;
    %store/vec4 v0x561bc63b94e0_0, 0, 4;
    %load/vec4 v0x561bc63b9130_0;
    %addi 2, 0, 64;
    %store/vec4 v0x561bc63b96a0_0, 0, 64;
    %jmp T_2.5;
T_2.4 ;
    %load/vec4 v0x561bc63b91f0_0;
    %cmpi/e 3, 0, 4;
    %jmp/0xz  T_2.6, 4;
    %load/vec4 v0x561bc63b9130_0;
    %pad/u 65;
    %addi 1, 0, 65;
    %ix/vec4 4;
    %load/vec4a v0x561bc63b9900, 4;
    %parti/s 4, 4, 4;
    %store/vec4 v0x561bc63b9400_0, 0, 4;
    %load/vec4 v0x561bc63b9130_0;
    %pad/u 65;
    %addi 1, 0, 65;
    %ix/vec4 4;
    %load/vec4a v0x561bc63b9900, 4;
    %parti/s 4, 0, 2;
    %store/vec4 v0x561bc63b94e0_0, 0, 4;
    %load/vec4 v0x561bc63b9130_0;
    %pad/u 65;
    %addi 9, 0, 65;
    %ix/vec4 4;
    %load/vec4a v0x561bc63b9900, 4;
    %load/vec4 v0x561bc63b9130_0;
    %pad/u 65;
    %addi 8, 0, 65;
    %ix/vec4 4;
    %load/vec4a v0x561bc63b9900, 4;
    %concat/vec4; draw_concat_vec4
    %load/vec4 v0x561bc63b9130_0;
    %pad/u 65;
    %addi 7, 0, 65;
    %ix/vec4 4;
    %load/vec4a v0x561bc63b9900, 4;
    %concat/vec4; draw_concat_vec4
    %load/vec4 v0x561bc63b9130_0;
    %pad/u 65;
    %addi 6, 0, 65;
    %ix/vec4 4;
    %load/vec4a v0x561bc63b9900, 4;
    %concat/vec4; draw_concat_vec4
    %load/vec4 v0x561bc63b9130_0;
    %pad/u 65;
    %addi 5, 0, 65;
    %ix/vec4 4;
    %load/vec4a v0x561bc63b9900, 4;
    %concat/vec4; draw_concat_vec4
    %load/vec4 v0x561bc63b9130_0;
    %pad/u 65;
    %addi 4, 0, 65;
    %ix/vec4 4;
    %load/vec4a v0x561bc63b9900, 4;
    %concat/vec4; draw_concat_vec4
    %load/vec4 v0x561bc63b9130_0;
    %pad/u 65;
    %addi 3, 0, 65;
    %ix/vec4 4;
    %load/vec4a v0x561bc63b9900, 4;
    %concat/vec4; draw_concat_vec4
    %load/vec4 v0x561bc63b9130_0;
    %pad/u 65;
    %addi 2, 0, 65;
    %ix/vec4 4;
    %load/vec4a v0x561bc63b9900, 4;
    %concat/vec4; draw_concat_vec4
    %store/vec4 v0x561bc63b95c0_0, 0, 64;
    %load/vec4 v0x561bc63b9130_0;
    %addi 10, 0, 64;
    %store/vec4 v0x561bc63b96a0_0, 0, 64;
    %jmp T_2.7;
T_2.6 ;
    %load/vec4 v0x561bc63b91f0_0;
    %cmpi/e 4, 0, 4;
    %jmp/0xz  T_2.8, 4;
    %load/vec4 v0x561bc63b9130_0;
    %pad/u 65;
    %addi 1, 0, 65;
    %ix/vec4 4;
    %load/vec4a v0x561bc63b9900, 4;
    %parti/s 4, 4, 4;
    %store/vec4 v0x561bc63b9400_0, 0, 4;
    %load/vec4 v0x561bc63b9130_0;
    %pad/u 65;
    %addi 1, 0, 65;
    %ix/vec4 4;
    %load/vec4a v0x561bc63b9900, 4;
    %parti/s 4, 0, 2;
    %store/vec4 v0x561bc63b94e0_0, 0, 4;
    %load/vec4 v0x561bc63b9130_0;
    %pad/u 65;
    %addi 9, 0, 65;
    %ix/vec4 4;
    %load/vec4a v0x561bc63b9900, 4;
    %load/vec4 v0x561bc63b9130_0;
    %pad/u 65;
    %addi 8, 0, 65;
    %ix/vec4 4;
    %load/vec4a v0x561bc63b9900, 4;
    %concat/vec4; draw_concat_vec4
    %load/vec4 v0x561bc63b9130_0;
    %pad/u 65;
    %addi 7, 0, 65;
    %ix/vec4 4;
    %load/vec4a v0x561bc63b9900, 4;
    %concat/vec4; draw_concat_vec4
    %load/vec4 v0x561bc63b9130_0;
    %pad/u 65;
    %addi 6, 0, 65;
    %ix/vec4 4;
    %load/vec4a v0x561bc63b9900, 4;
    %concat/vec4; draw_concat_vec4
    %load/vec4 v0x561bc63b9130_0;
    %pad/u 65;
    %addi 5, 0, 65;
    %ix/vec4 4;
    %load/vec4a v0x561bc63b9900, 4;
    %concat/vec4; draw_concat_vec4
    %load/vec4 v0x561bc63b9130_0;
    %pad/u 65;
    %addi 4, 0, 65;
    %ix/vec4 4;
    %load/vec4a v0x561bc63b9900, 4;
    %concat/vec4; draw_concat_vec4
    %load/vec4 v0x561bc63b9130_0;
    %pad/u 65;
    %addi 3, 0, 65;
    %ix/vec4 4;
    %load/vec4a v0x561bc63b9900, 4;
    %concat/vec4; draw_concat_vec4
    %load/vec4 v0x561bc63b9130_0;
    %pad/u 65;
    %addi 2, 0, 65;
    %ix/vec4 4;
    %load/vec4a v0x561bc63b9900, 4;
    %concat/vec4; draw_concat_vec4
    %store/vec4 v0x561bc63b95c0_0, 0, 64;
    %load/vec4 v0x561bc63b9130_0;
    %addi 10, 0, 64;
    %store/vec4 v0x561bc63b96a0_0, 0, 64;
    %jmp T_2.9;
T_2.8 ;
    %load/vec4 v0x561bc63b91f0_0;
    %cmpi/e 5, 0, 4;
    %jmp/0xz  T_2.10, 4;
    %load/vec4 v0x561bc63b9130_0;
    %pad/u 65;
    %addi 1, 0, 65;
    %ix/vec4 4;
    %load/vec4a v0x561bc63b9900, 4;
    %parti/s 4, 4, 4;
    %store/vec4 v0x561bc63b9400_0, 0, 4;
    %load/vec4 v0x561bc63b9130_0;
    %pad/u 65;
    %addi 1, 0, 65;
    %ix/vec4 4;
    %load/vec4a v0x561bc63b9900, 4;
    %parti/s 4, 0, 2;
    %store/vec4 v0x561bc63b94e0_0, 0, 4;
    %load/vec4 v0x561bc63b9130_0;
    %pad/u 65;
    %addi 9, 0, 65;
    %ix/vec4 4;
    %load/vec4a v0x561bc63b9900, 4;
    %load/vec4 v0x561bc63b9130_0;
    %pad/u 65;
    %addi 8, 0, 65;
    %ix/vec4 4;
    %load/vec4a v0x561bc63b9900, 4;
    %concat/vec4; draw_concat_vec4
    %load/vec4 v0x561bc63b9130_0;
    %pad/u 65;
    %addi 7, 0, 65;
    %ix/vec4 4;
    %load/vec4a v0x561bc63b9900, 4;
    %concat/vec4; draw_concat_vec4
    %load/vec4 v0x561bc63b9130_0;
    %pad/u 65;
    %addi 6, 0, 65;
    %ix/vec4 4;
    %load/vec4a v0x561bc63b9900, 4;
    %concat/vec4; draw_concat_vec4
    %load/vec4 v0x561bc63b9130_0;
    %pad/u 65;
    %addi 5, 0, 65;
    %ix/vec4 4;
    %load/vec4a v0x561bc63b9900, 4;
    %concat/vec4; draw_concat_vec4
    %load/vec4 v0x561bc63b9130_0;
    %pad/u 65;
    %addi 4, 0, 65;
    %ix/vec4 4;
    %load/vec4a v0x561bc63b9900, 4;
    %concat/vec4; draw_concat_vec4
    %load/vec4 v0x561bc63b9130_0;
    %pad/u 65;
    %addi 3, 0, 65;
    %ix/vec4 4;
    %load/vec4a v0x561bc63b9900, 4;
    %concat/vec4; draw_concat_vec4
    %load/vec4 v0x561bc63b9130_0;
    %pad/u 65;
    %addi 2, 0, 65;
    %ix/vec4 4;
    %load/vec4a v0x561bc63b9900, 4;
    %concat/vec4; draw_concat_vec4
    %store/vec4 v0x561bc63b95c0_0, 0, 64;
    %load/vec4 v0x561bc63b9130_0;
    %addi 10, 0, 64;
    %store/vec4 v0x561bc63b96a0_0, 0, 64;
    %jmp T_2.11;
T_2.10 ;
    %load/vec4 v0x561bc63b91f0_0;
    %cmpi/e 6, 0, 4;
    %jmp/0xz  T_2.12, 4;
    %load/vec4 v0x561bc63b9130_0;
    %pad/u 65;
    %addi 1, 0, 65;
    %ix/vec4 4;
    %load/vec4a v0x561bc63b9900, 4;
    %parti/s 4, 4, 4;
    %store/vec4 v0x561bc63b9400_0, 0, 4;
    %load/vec4 v0x561bc63b9130_0;
    %pad/u 65;
    %addi 1, 0, 65;
    %ix/vec4 4;
    %load/vec4a v0x561bc63b9900, 4;
    %parti/s 4, 0, 2;
    %store/vec4 v0x561bc63b94e0_0, 0, 4;
    %load/vec4 v0x561bc63b9130_0;
    %addi 2, 0, 64;
    %store/vec4 v0x561bc63b96a0_0, 0, 64;
    %jmp T_2.13;
T_2.12 ;
    %load/vec4 v0x561bc63b91f0_0;
    %cmpi/e 7, 0, 4;
    %jmp/0xz  T_2.14, 4;
    %load/vec4 v0x561bc63b9130_0;
    %pad/u 65;
    %addi 8, 0, 65;
    %ix/vec4 4;
    %load/vec4a v0x561bc63b9900, 4;
    %load/vec4 v0x561bc63b9130_0;
    %pad/u 65;
    %addi 7, 0, 65;
    %ix/vec4 4;
    %load/vec4a v0x561bc63b9900, 4;
    %concat/vec4; draw_concat_vec4
    %load/vec4 v0x561bc63b9130_0;
    %pad/u 65;
    %addi 6, 0, 65;
    %ix/vec4 4;
    %load/vec4a v0x561bc63b9900, 4;
    %concat/vec4; draw_concat_vec4
    %load/vec4 v0x561bc63b9130_0;
    %pad/u 65;
    %addi 5, 0, 65;
    %ix/vec4 4;
    %load/vec4a v0x561bc63b9900, 4;
    %concat/vec4; draw_concat_vec4
    %load/vec4 v0x561bc63b9130_0;
    %pad/u 65;
    %addi 4, 0, 65;
    %ix/vec4 4;
    %load/vec4a v0x561bc63b9900, 4;
    %concat/vec4; draw_concat_vec4
    %load/vec4 v0x561bc63b9130_0;
    %pad/u 65;
    %addi 3, 0, 65;
    %ix/vec4 4;
    %load/vec4a v0x561bc63b9900, 4;
    %concat/vec4; draw_concat_vec4
    %load/vec4 v0x561bc63b9130_0;
    %pad/u 65;
    %addi 2, 0, 65;
    %ix/vec4 4;
    %load/vec4a v0x561bc63b9900, 4;
    %concat/vec4; draw_concat_vec4
    %load/vec4 v0x561bc63b9130_0;
    %pad/u 65;
    %addi 1, 0, 65;
    %ix/vec4 4;
    %load/vec4a v0x561bc63b9900, 4;
    %concat/vec4; draw_concat_vec4
    %store/vec4 v0x561bc63b95c0_0, 0, 64;
    %load/vec4 v0x561bc63b9130_0;
    %addi 9, 0, 64;
    %store/vec4 v0x561bc63b96a0_0, 0, 64;
    %jmp T_2.15;
T_2.14 ;
    %load/vec4 v0x561bc63b91f0_0;
    %cmpi/e 8, 0, 4;
    %jmp/0xz  T_2.16, 4;
    %load/vec4 v0x561bc63b9130_0;
    %pad/u 65;
    %addi 8, 0, 65;
    %ix/vec4 4;
    %load/vec4a v0x561bc63b9900, 4;
    %load/vec4 v0x561bc63b9130_0;
    %pad/u 65;
    %addi 7, 0, 65;
    %ix/vec4 4;
    %load/vec4a v0x561bc63b9900, 4;
    %concat/vec4; draw_concat_vec4
    %load/vec4 v0x561bc63b9130_0;
    %pad/u 65;
    %addi 6, 0, 65;
    %ix/vec4 4;
    %load/vec4a v0x561bc63b9900, 4;
    %concat/vec4; draw_concat_vec4
    %load/vec4 v0x561bc63b9130_0;
    %pad/u 65;
    %addi 5, 0, 65;
    %ix/vec4 4;
    %load/vec4a v0x561bc63b9900, 4;
    %concat/vec4; draw_concat_vec4
    %load/vec4 v0x561bc63b9130_0;
    %pad/u 65;
    %addi 4, 0, 65;
    %ix/vec4 4;
    %load/vec4a v0x561bc63b9900, 4;
    %concat/vec4; draw_concat_vec4
    %load/vec4 v0x561bc63b9130_0;
    %pad/u 65;
    %addi 3, 0, 65;
    %ix/vec4 4;
    %load/vec4a v0x561bc63b9900, 4;
    %concat/vec4; draw_concat_vec4
    %load/vec4 v0x561bc63b9130_0;
    %pad/u 65;
    %addi 2, 0, 65;
    %ix/vec4 4;
    %load/vec4a v0x561bc63b9900, 4;
    %concat/vec4; draw_concat_vec4
    %load/vec4 v0x561bc63b9130_0;
    %pad/u 65;
    %addi 1, 0, 65;
    %ix/vec4 4;
    %load/vec4a v0x561bc63b9900, 4;
    %concat/vec4; draw_concat_vec4
    %store/vec4 v0x561bc63b95c0_0, 0, 64;
    %load/vec4 v0x561bc63b9130_0;
    %addi 9, 0, 64;
    %store/vec4 v0x561bc63b96a0_0, 0, 64;
    %jmp T_2.17;
T_2.16 ;
    %load/vec4 v0x561bc63b91f0_0;
    %cmpi/e 9, 0, 4;
    %jmp/0xz  T_2.18, 4;
    %load/vec4 v0x561bc63b9130_0;
    %addi 1, 0, 64;
    %store/vec4 v0x561bc63b96a0_0, 0, 64;
    %jmp T_2.19;
T_2.18 ;
    %load/vec4 v0x561bc63b91f0_0;
    %cmpi/e 10, 0, 4;
    %jmp/0xz  T_2.20, 4;
    %load/vec4 v0x561bc63b9130_0;
    %pad/u 65;
    %addi 1, 0, 65;
    %ix/vec4 4;
    %load/vec4a v0x561bc63b9900, 4;
    %parti/s 4, 4, 4;
    %store/vec4 v0x561bc63b9400_0, 0, 4;
    %load/vec4 v0x561bc63b9130_0;
    %pad/u 65;
    %addi 1, 0, 65;
    %ix/vec4 4;
    %load/vec4a v0x561bc63b9900, 4;
    %parti/s 4, 0, 2;
    %store/vec4 v0x561bc63b94e0_0, 0, 4;
    %load/vec4 v0x561bc63b9130_0;
    %addi 2, 0, 64;
    %store/vec4 v0x561bc63b96a0_0, 0, 64;
    %jmp T_2.21;
T_2.20 ;
    %load/vec4 v0x561bc63b91f0_0;
    %cmpi/e 11, 0, 4;
    %jmp/0xz  T_2.22, 4;
    %load/vec4 v0x561bc63b9130_0;
    %pad/u 65;
    %addi 1, 0, 65;
    %ix/vec4 4;
    %load/vec4a v0x561bc63b9900, 4;
    %parti/s 4, 4, 4;
    %store/vec4 v0x561bc63b9400_0, 0, 4;
    %load/vec4 v0x561bc63b9130_0;
    %pad/u 65;
    %addi 1, 0, 65;
    %ix/vec4 4;
    %load/vec4a v0x561bc63b9900, 4;
    %parti/s 4, 0, 2;
    %store/vec4 v0x561bc63b94e0_0, 0, 4;
    %load/vec4 v0x561bc63b9130_0;
    %addi 2, 0, 64;
    %store/vec4 v0x561bc63b96a0_0, 0, 64;
T_2.22 ;
T_2.21 ;
T_2.19 ;
T_2.17 ;
T_2.15 ;
T_2.13 ;
T_2.11 ;
T_2.9 ;
T_2.7 ;
T_2.5 ;
T_2.3 ;
T_2.1 ;
    %jmp T_2;
    .thread T_2;
    .scope S_0x561bc63430f0;
T_3 ;
    %wait E_0x561bc637a6c0;
    %load/vec4 v0x561bc63b91f0_0;
    %cmpi/e 7, 0, 4;
    %flag_mov 8, 4;
    %load/vec4 v0x561bc63b91f0_0;
    %cmpi/e 8, 0, 4;
    %flag_or 4, 8;
    %jmp/0xz  T_3.0, 4;
    %load/vec4 v0x561bc63b95c0_0;
    %store/vec4 v0x561bc63b99c0_0, 0, 64;
    %jmp T_3.1;
T_3.0 ;
    %load/vec4 v0x561bc63b96a0_0;
    %store/vec4 v0x561bc63b99c0_0, 0, 64;
T_3.1 ;
    %jmp T_3;
    .thread T_3, $push;
# The file index is used to find the file name in the following table.
:file_names 3;
    "N/A";
    "<interactive>";
    "fetch.v";
