#! /usr/bin/vvp
:ivl_version "10.3 (stable)";
:ivl_delay_selection "TYPICAL";
:vpi_time_precision - 11;
:vpi_module "system";
:vpi_module "vhdl_sys";
:vpi_module "v2005_math";
:vpi_module "va_math";
S_0x55d4ddd520f0 .scope module, "logic1" "logic1" 2 3;
 .timescale -9 -11;
    .port_info 0 /INPUT 4 "Dicode"
    .port_info 1 /INPUT 4 "Eicode"
    .port_info 2 /INPUT 4 "Micode"
    .port_info 3 /INPUT 4 "EdstM"
    .port_info 4 /INPUT 4 "dsrcA"
    .port_info 5 /INPUT 4 "dsrcB"
    .port_info 6 /INPUT 1 "ecnd"
    .port_info 7 /OUTPUT 1 "Fb"
    .port_info 8 /OUTPUT 1 "Fs"
    .port_info 9 /OUTPUT 1 "Db"
    .port_info 10 /OUTPUT 1 "Ds"
    .port_info 11 /OUTPUT 1 "Eb"
    .port_info 12 /OUTPUT 1 "Es"
v0x55d4ddd523b0_0 .var "Db", 0 0;
o0x7fa2d8306048 .functor BUFZ 4, C4<zzzz>; HiZ drive
v0x55d4ddd9bea0_0 .net "Dicode", 3 0, o0x7fa2d8306048;  0 drivers
v0x55d4ddd9bf80_0 .var "Ds", 0 0;
v0x55d4ddd9c020_0 .var "Eb", 0 0;
o0x7fa2d83060d8 .functor BUFZ 4, C4<zzzz>; HiZ drive
v0x55d4ddd9c0e0_0 .net "EdstM", 3 0, o0x7fa2d83060d8;  0 drivers
o0x7fa2d8306108 .functor BUFZ 4, C4<zzzz>; HiZ drive
v0x55d4ddd9c210_0 .net "Eicode", 3 0, o0x7fa2d8306108;  0 drivers
v0x55d4ddd9c2f0_0 .var "Es", 0 0;
v0x55d4ddd9c3b0_0 .var "Fb", 0 0;
v0x55d4ddd9c470_0 .var "Fs", 0 0;
o0x7fa2d83061c8 .functor BUFZ 4, C4<zzzz>; HiZ drive
v0x55d4ddd9c530_0 .net "Micode", 3 0, o0x7fa2d83061c8;  0 drivers
o0x7fa2d83061f8 .functor BUFZ 4, C4<zzzz>; HiZ drive
v0x55d4ddd9c610_0 .net "dsrcA", 3 0, o0x7fa2d83061f8;  0 drivers
o0x7fa2d8306228 .functor BUFZ 4, C4<zzzz>; HiZ drive
v0x55d4ddd9c6f0_0 .net "dsrcB", 3 0, o0x7fa2d8306228;  0 drivers
o0x7fa2d8306258 .functor BUFZ 1, C4<z>; HiZ drive
v0x55d4ddd9c7d0_0 .net "ecnd", 0 0, o0x7fa2d8306258;  0 drivers
E_0x55d4ddd88b30/0 .event edge, v0x55d4ddd9c210_0, v0x55d4ddd9c7d0_0, v0x55d4ddd9c0e0_0, v0x55d4ddd9c610_0;
E_0x55d4ddd88b30/1 .event edge, v0x55d4ddd9c6f0_0, v0x55d4ddd9c530_0, v0x55d4ddd9bea0_0;
E_0x55d4ddd88b30 .event/or E_0x55d4ddd88b30/0, E_0x55d4ddd88b30/1;
    .scope S_0x55d4ddd520f0;
T_0 ;
    %pushi/vec4 0, 0, 1;
    %store/vec4 v0x55d4ddd9c3b0_0, 0, 1;
    %pushi/vec4 0, 0, 1;
    %store/vec4 v0x55d4ddd9c470_0, 0, 1;
    %pushi/vec4 0, 0, 1;
    %store/vec4 v0x55d4ddd523b0_0, 0, 1;
    %pushi/vec4 0, 0, 1;
    %store/vec4 v0x55d4ddd9bf80_0, 0, 1;
    %pushi/vec4 0, 0, 1;
    %store/vec4 v0x55d4ddd9c020_0, 0, 1;
    %pushi/vec4 0, 0, 1;
    %store/vec4 v0x55d4ddd9c2f0_0, 0, 1;
    %end;
    .thread T_0;
    .scope S_0x55d4ddd520f0;
T_1 ;
    %wait E_0x55d4ddd88b30;
    %load/vec4 v0x55d4ddd9c210_0;
    %pushi/vec4 7, 0, 4;
    %cmp/e;
    %flag_get/vec4 4;
    %load/vec4 v0x55d4ddd9c7d0_0;
    %pad/u 4;
    %pushi/vec4 0, 0, 4;
    %cmp/e;
    %flag_get/vec4 4;
    %and;
    %flag_set/vec4 8;
    %jmp/0xz  T_1.0, 8;
    %pushi/vec4 1, 0, 1;
    %store/vec4 v0x55d4ddd523b0_0, 0, 1;
    %pushi/vec4 1, 0, 1;
    %store/vec4 v0x55d4ddd9c020_0, 0, 1;
    %jmp T_1.1;
T_1.0 ;
    %load/vec4 v0x55d4ddd9c210_0;
    %pushi/vec4 5, 0, 4;
    %cmp/e;
    %flag_get/vec4 4;
    %load/vec4 v0x55d4ddd9c210_0;
    %pushi/vec4 11, 0, 4;
    %cmp/e;
    %flag_get/vec4 4;
    %or;
    %load/vec4 v0x55d4ddd9c0e0_0;
    %load/vec4 v0x55d4ddd9c610_0;
    %cmp/e;
    %flag_get/vec4 4;
    %load/vec4 v0x55d4ddd9c0e0_0;
    %load/vec4 v0x55d4ddd9c6f0_0;
    %cmp/e;
    %flag_get/vec4 4;
    %or;
    %and;
    %flag_set/vec4 8;
    %jmp/0xz  T_1.2, 8;
    %pushi/vec4 1, 0, 1;
    %store/vec4 v0x55d4ddd9c470_0, 0, 1;
    %pushi/vec4 1, 0, 1;
    %store/vec4 v0x55d4ddd9bf80_0, 0, 1;
    %pushi/vec4 1, 0, 1;
    %store/vec4 v0x55d4ddd9c020_0, 0, 1;
    %jmp T_1.3;
T_1.2 ;
    %load/vec4 v0x55d4ddd9c210_0;
    %pushi/vec4 9, 0, 4;
    %cmp/e;
    %flag_get/vec4 4;
    %load/vec4 v0x55d4ddd9c530_0;
    %pushi/vec4 9, 0, 4;
    %cmp/e;
    %flag_get/vec4 4;
    %or;
    %load/vec4 v0x55d4ddd9bea0_0;
    %pushi/vec4 9, 0, 4;
    %cmp/e;
    %flag_get/vec4 4;
    %or;
    %flag_set/vec4 8;
    %jmp/0xz  T_1.4, 8;
    %pushi/vec4 1, 0, 1;
    %store/vec4 v0x55d4ddd9c470_0, 0, 1;
    %pushi/vec4 1, 0, 1;
    %store/vec4 v0x55d4ddd523b0_0, 0, 1;
T_1.4 ;
T_1.3 ;
T_1.1 ;
    %jmp T_1;
    .thread T_1, $push;
# The file index is used to find the file name in the following table.
:file_names 3;
    "N/A";
    "<interactive>";
    "logic1.v";
