#! /usr/bin/vvp
:ivl_version "10.3 (stable)";
:ivl_delay_selection "TYPICAL";
:vpi_time_precision - 11;
:vpi_module "system";
:vpi_module "vhdl_sys";
:vpi_module "v2005_math";
:vpi_module "va_math";
S_0x563a708990f0 .scope module, "memory" "memory" 2 3;
 .timescale -9 -11;
    .port_info 0 /INPUT 1 "clk"
    .port_info 1 /INPUT 4 "Micode"
    .port_info 2 /INPUT 4 "Mifun"
    .port_info 3 /INPUT 64 "MvalA"
    .port_info 4 /INPUT 64 "MvalE"
    .port_info 5 /INPUT 4 "MdstE"
    .port_info 6 /INPUT 4 "MdstM"
    .port_info 7 /OUTPUT 64 "mvalM"
    .port_info 8 /OUTPUT 64 "mvalE"
    .port_info 9 /OUTPUT 4 "mdstE"
    .port_info 10 /OUTPUT 4 "mdstM"
    .port_info 11 /OUTPUT 4 "micode"
    .port_info 12 /OUTPUT 4 "mifun"
    .port_info 13 /OUTPUT 64 "curr_mem"
P_0x563a708bece0 .param/l "CALL" 0 2 40, C4<1000>;
P_0x563a708bed20 .param/l "CMOVXX" 0 2 34, C4<0010>;
P_0x563a708bed60 .param/l "HALT" 0 2 32, C4<0000>;
P_0x563a708beda0 .param/l "IRMOVQ" 0 2 35, C4<0011>;
P_0x563a708bede0 .param/l "JXX" 0 2 39, C4<0111>;
P_0x563a708bee20 .param/l "MRMOVQ" 0 2 37, C4<0101>;
P_0x563a708bee60 .param/l "NOP" 0 2 33, C4<0001>;
P_0x563a708beea0 .param/l "OPQ" 0 2 38, C4<0110>;
P_0x563a708beee0 .param/l "POPQ" 0 2 43, C4<1011>;
P_0x563a708bef20 .param/l "PUSHQ" 0 2 42, C4<1010>;
P_0x563a708bef60 .param/l "RET" 0 2 41, C4<1001>;
P_0x563a708befa0 .param/l "RMMOVQ" 0 2 36, C4<0100>;
o0x7f03c18d5018 .functor BUFZ 4, C4<zzzz>; HiZ drive
v0x563a708bf580_0 .net "MdstE", 3 0, o0x7f03c18d5018;  0 drivers
o0x7f03c18d5048 .functor BUFZ 4, C4<zzzz>; HiZ drive
v0x563a708e70d0_0 .net "MdstM", 3 0, o0x7f03c18d5048;  0 drivers
o0x7f03c18d5078 .functor BUFZ 4, C4<zzzz>; HiZ drive
v0x563a708e71b0_0 .net "Micode", 3 0, o0x7f03c18d5078;  0 drivers
o0x7f03c18d50a8 .functor BUFZ 4, C4<zzzz>; HiZ drive
v0x563a708e7270_0 .net "Mifun", 3 0, o0x7f03c18d50a8;  0 drivers
o0x7f03c18d50d8 .functor BUFZ 64, C4<zzzzzzzzzzzzzzzzzzzzzzzzzzzzzzzzzzzzzzzzzzzzzzzzzzzzzzzzzzzzzzzz>; HiZ drive
v0x563a708e7350_0 .net "MvalA", 63 0, o0x7f03c18d50d8;  0 drivers
o0x7f03c18d5108 .functor BUFZ 64, C4<zzzzzzzzzzzzzzzzzzzzzzzzzzzzzzzzzzzzzzzzzzzzzzzzzzzzzzzzzzzzzzzz>; HiZ drive
v0x563a708e7480_0 .net "MvalE", 63 0, o0x7f03c18d5108;  0 drivers
o0x7f03c18d5138 .functor BUFZ 1, C4<z>; HiZ drive
v0x563a708e7560_0 .net "clk", 0 0, o0x7f03c18d5138;  0 drivers
v0x563a708e7620_0 .var "curr_mem", 63 0;
v0x563a708e7700_0 .var "mdstE", 3 0;
v0x563a708e77e0_0 .var "mdstM", 3 0;
v0x563a708e78c0 .array "mem", 0 1023, 63 0;
v0x563a708e7980_0 .var "micode", 3 0;
v0x563a708e7a60_0 .var "mifun", 3 0;
v0x563a708e7b40_0 .var "mvalE", 63 0;
v0x563a708e7c20_0 .var "mvalM", 63 0;
E_0x563a708d0f20/0 .event edge, v0x563a708e71b0_0, v0x563a708e7270_0, v0x563a708e70d0_0, v0x563a708e7480_0;
E_0x563a708d0f20/1 .event edge, v0x563a708bf580_0;
E_0x563a708d0f20 .event/or E_0x563a708d0f20/0, E_0x563a708d0f20/1;
E_0x563a708cfee0 .event posedge, v0x563a708e7560_0;
    .scope S_0x563a708990f0;
T_0 ;
    %pushi/vec4 123, 0, 64;
    %ix/load 4, 203, 0;
    %flag_set/imm 4, 0;
    %store/vec4a v0x563a708e78c0, 4, 0;
    %end;
    .thread T_0;
    .scope S_0x563a708990f0;
T_1 ;
    %wait E_0x563a708cfee0;
    %load/vec4 v0x563a708e71b0_0;
    %dup/vec4;
    %pushi/vec4 4, 0, 4;
    %cmp/u;
    %jmp/1 T_1.0, 6;
    %dup/vec4;
    %pushi/vec4 5, 0, 4;
    %cmp/u;
    %jmp/1 T_1.1, 6;
    %dup/vec4;
    %pushi/vec4 8, 0, 4;
    %cmp/u;
    %jmp/1 T_1.2, 6;
    %dup/vec4;
    %pushi/vec4 9, 0, 4;
    %cmp/u;
    %jmp/1 T_1.3, 6;
    %dup/vec4;
    %pushi/vec4 10, 0, 4;
    %cmp/u;
    %jmp/1 T_1.4, 6;
    %dup/vec4;
    %pushi/vec4 11, 0, 4;
    %cmp/u;
    %jmp/1 T_1.5, 6;
    %jmp T_1.6;
T_1.0 ;
    %load/vec4 v0x563a708e7350_0;
    %ix/getv 4, v0x563a708e7480_0;
    %store/vec4a v0x563a708e78c0, 4, 0;
    %jmp T_1.6;
T_1.1 ;
    %ix/getv 4, v0x563a708e7480_0;
    %load/vec4a v0x563a708e78c0, 4;
    %store/vec4 v0x563a708e7c20_0, 0, 64;
    %jmp T_1.6;
T_1.2 ;
    %load/vec4 v0x563a708e7350_0;
    %ix/getv 4, v0x563a708e7480_0;
    %store/vec4a v0x563a708e78c0, 4, 0;
    %jmp T_1.6;
T_1.3 ;
    %ix/getv 4, v0x563a708e7350_0;
    %load/vec4a v0x563a708e78c0, 4;
    %store/vec4 v0x563a708e7c20_0, 0, 64;
    %jmp T_1.6;
T_1.4 ;
    %load/vec4 v0x563a708e7350_0;
    %ix/getv 4, v0x563a708e7480_0;
    %store/vec4a v0x563a708e78c0, 4, 0;
    %jmp T_1.6;
T_1.5 ;
    %ix/getv 4, v0x563a708e7350_0;
    %load/vec4a v0x563a708e78c0, 4;
    %store/vec4 v0x563a708e7c20_0, 0, 64;
    %jmp T_1.6;
T_1.6 ;
    %pop/vec4 1;
    %ix/getv 4, v0x563a708e7480_0;
    %load/vec4a v0x563a708e78c0, 4;
    %store/vec4 v0x563a708e7620_0, 0, 64;
    %jmp T_1;
    .thread T_1;
    .scope S_0x563a708990f0;
T_2 ;
    %wait E_0x563a708d0f20;
    %load/vec4 v0x563a708e71b0_0;
    %store/vec4 v0x563a708e7980_0, 0, 4;
    %load/vec4 v0x563a708e7270_0;
    %store/vec4 v0x563a708e7a60_0, 0, 4;
    %load/vec4 v0x563a708e70d0_0;
    %store/vec4 v0x563a708e77e0_0, 0, 4;
    %load/vec4 v0x563a708e7480_0;
    %store/vec4 v0x563a708e7b40_0, 0, 64;
    %load/vec4 v0x563a708bf580_0;
    %store/vec4 v0x563a708e7700_0, 0, 4;
    %jmp T_2;
    .thread T_2, $push;
# The file index is used to find the file name in the following table.
:file_names 3;
    "N/A";
    "<interactive>";
    "memory.v";
