#! /usr/bin/vvp
:ivl_version "10.3 (stable)";
:ivl_delay_selection "TYPICAL";
:vpi_time_precision - 11;
:vpi_module "system";
:vpi_module "vhdl_sys";
:vpi_module "v2005_math";
:vpi_module "va_math";
S_0x564a35f18150 .scope module, "pc_update" "pc_update" 2 3;
 .timescale -9 -11;
    .port_info 0 /INPUT 1 "clk"
    .port_info 1 /INPUT 1 "Mcnd"
    .port_info 2 /INPUT 4 "Micode"
    .port_info 3 /INPUT 4 "Wicode"
    .port_info 4 /INPUT 64 "MvalA"
    .port_info 5 /INPUT 64 "WvalM"
    .port_info 6 /INPUT 64 "FpredPC"
    .port_info 7 /OUTPUT 64 "nPC"
P_0x564a35f2ba80 .param/l "CALL" 0 2 24, C4<1000>;
P_0x564a35f2bac0 .param/l "CMOVXX" 0 2 18, C4<0010>;
P_0x564a35f2bb00 .param/l "HALT" 0 2 16, C4<0000>;
P_0x564a35f2bb40 .param/l "IRMOVQ" 0 2 19, C4<0011>;
P_0x564a35f2bb80 .param/l "JXX" 0 2 23, C4<0111>;
P_0x564a35f2bbc0 .param/l "MRMOVQ" 0 2 21, C4<0101>;
P_0x564a35f2bc00 .param/l "NOP" 0 2 17, C4<0001>;
P_0x564a35f2bc40 .param/l "OPQ" 0 2 22, C4<0110>;
P_0x564a35f2bc80 .param/l "POPQ" 0 2 27, C4<1011>;
P_0x564a35f2bcc0 .param/l "PUSHQ" 0 2 26, C4<1010>;
P_0x564a35f2bd00 .param/l "RET" 0 2 25, C4<1001>;
P_0x564a35f2bd40 .param/l "RMMOVQ" 0 2 20, C4<0100>;
o0x7f4fc9f0a018 .functor BUFZ 64, C4<zzzzzzzzzzzzzzzzzzzzzzzzzzzzzzzzzzzzzzzzzzzzzzzzzzzzzzzzzzzzzzzz>; HiZ drive
v0x564a35f2c2e0_0 .net "FpredPC", 63 0, o0x7f4fc9f0a018;  0 drivers
o0x7f4fc9f0a048 .functor BUFZ 1, C4<z>; HiZ drive
v0x564a35f600e0_0 .net "Mcnd", 0 0, o0x7f4fc9f0a048;  0 drivers
o0x7f4fc9f0a078 .functor BUFZ 4, C4<zzzz>; HiZ drive
v0x564a35f601a0_0 .net "Micode", 3 0, o0x7f4fc9f0a078;  0 drivers
o0x7f4fc9f0a0a8 .functor BUFZ 64, C4<zzzzzzzzzzzzzzzzzzzzzzzzzzzzzzzzzzzzzzzzzzzzzzzzzzzzzzzzzzzzzzzz>; HiZ drive
v0x564a35f60260_0 .net "MvalA", 63 0, o0x7f4fc9f0a0a8;  0 drivers
o0x7f4fc9f0a0d8 .functor BUFZ 4, C4<zzzz>; HiZ drive
v0x564a35f60340_0 .net "Wicode", 3 0, o0x7f4fc9f0a0d8;  0 drivers
o0x7f4fc9f0a108 .functor BUFZ 64, C4<zzzzzzzzzzzzzzzzzzzzzzzzzzzzzzzzzzzzzzzzzzzzzzzzzzzzzzzzzzzzzzzz>; HiZ drive
v0x564a35f60470_0 .net "WvalM", 63 0, o0x7f4fc9f0a108;  0 drivers
o0x7f4fc9f0a138 .functor BUFZ 1, C4<z>; HiZ drive
v0x564a35f60550_0 .net "clk", 0 0, o0x7f4fc9f0a138;  0 drivers
v0x564a35f60610_0 .var "nPC", 63 0;
E_0x564a35f4d8e0 .event posedge, v0x564a35f60550_0;
    .scope S_0x564a35f18150;
T_0 ;
    %wait E_0x564a35f4d8e0;
    %load/vec4 v0x564a35f601a0_0;
    %dup/vec4;
    %pushi/vec4 7, 0, 4;
    %cmp/u;
    %jmp/1 T_0.0, 6;
    %load/vec4 v0x564a35f2c2e0_0;
    %store/vec4 v0x564a35f60610_0, 0, 64;
    %jmp T_0.2;
T_0.0 ;
    %load/vec4 v0x564a35f600e0_0;
    %pad/u 32;
    %cmpi/e 0, 0, 32;
    %jmp/0xz  T_0.3, 4;
    %load/vec4 v0x564a35f60260_0;
    %assign/vec4 v0x564a35f60610_0, 0;
T_0.3 ;
    %jmp T_0.2;
T_0.2 ;
    %pop/vec4 1;
    %load/vec4 v0x564a35f60340_0;
    %dup/vec4;
    %pushi/vec4 9, 0, 4;
    %cmp/u;
    %jmp/1 T_0.5, 6;
    %load/vec4 v0x564a35f2c2e0_0;
    %store/vec4 v0x564a35f60610_0, 0, 64;
    %jmp T_0.7;
T_0.5 ;
    %load/vec4 v0x564a35f60470_0;
    %store/vec4 v0x564a35f60610_0, 0, 64;
    %jmp T_0.7;
T_0.7 ;
    %pop/vec4 1;
    %jmp T_0;
    .thread T_0;
# The file index is used to find the file name in the following table.
:file_names 3;
    "N/A";
    "<interactive>";
    "pc_update.v";
