#! /usr/bin/vvp
:ivl_version "10.3 (stable)";
:ivl_delay_selection "TYPICAL";
:vpi_time_precision - 11;
:vpi_module "system";
:vpi_module "vhdl_sys";
:vpi_module "v2005_math";
:vpi_module "va_math";
S_0x55c5e827f120 .scope module, "wb" "wb" 2 3;
 .timescale -9 -11;
    .port_info 0 /INPUT 1 "clk"
    .port_info 1 /INPUT 4 "Wicode"
    .port_info 2 /INPUT 4 "Wifun"
    .port_info 3 /INPUT 4 "WdstM"
    .port_info 4 /INPUT 4 "WdstE"
    .port_info 5 /INPUT 64 "WvalE"
    .port_info 6 /INPUT 64 "WvalM"
    .port_info 7 /INPUT 1 "Wcnd"
    .port_info 8 /OUTPUT 64 "rm0"
    .port_info 9 /OUTPUT 64 "rm1"
    .port_info 10 /OUTPUT 64 "rm2"
    .port_info 11 /OUTPUT 64 "rm3"
    .port_info 12 /OUTPUT 64 "rm4"
    .port_info 13 /OUTPUT 64 "rm5"
    .port_info 14 /OUTPUT 64 "rm6"
    .port_info 15 /OUTPUT 64 "rm7"
    .port_info 16 /OUTPUT 64 "rm8"
    .port_info 17 /OUTPUT 64 "rm9"
    .port_info 18 /OUTPUT 64 "rm10"
    .port_info 19 /OUTPUT 64 "rm11"
    .port_info 20 /OUTPUT 64 "rm12"
    .port_info 21 /OUTPUT 64 "rm13"
    .port_info 22 /OUTPUT 64 "rm14"
P_0x55c5e82ab850 .param/l "CALL" 0 2 64, C4<1000>;
P_0x55c5e82ab890 .param/l "CMOVXX" 0 2 58, C4<0010>;
P_0x55c5e82ab8d0 .param/l "HALT" 0 2 56, C4<0000>;
P_0x55c5e82ab910 .param/l "IRMOVQ" 0 2 59, C4<0011>;
P_0x55c5e82ab950 .param/l "JXX" 0 2 63, C4<0111>;
P_0x55c5e82ab990 .param/l "MRMOVQ" 0 2 61, C4<0101>;
P_0x55c5e82ab9d0 .param/l "NOP" 0 2 57, C4<0001>;
P_0x55c5e82aba10 .param/l "OPQ" 0 2 62, C4<0110>;
P_0x55c5e82aba50 .param/l "POPQ" 0 2 67, C4<1011>;
P_0x55c5e82aba90 .param/l "PUSHQ" 0 2 66, C4<1010>;
P_0x55c5e82abad0 .param/l "RET" 0 2 65, C4<1001>;
P_0x55c5e82abb10 .param/l "RMMOVQ" 0 2 60, C4<0100>;
o0x7f89dac01018 .functor BUFZ 1, C4<z>; HiZ drive
v0x55c5e82ac1d0_0 .net "Wcnd", 0 0, o0x7f89dac01018;  0 drivers
o0x7f89dac01048 .functor BUFZ 4, C4<zzzz>; HiZ drive
v0x55c5e82dc460_0 .net "WdstE", 3 0, o0x7f89dac01048;  0 drivers
o0x7f89dac01078 .functor BUFZ 4, C4<zzzz>; HiZ drive
v0x55c5e82dc540_0 .net "WdstM", 3 0, o0x7f89dac01078;  0 drivers
o0x7f89dac010a8 .functor BUFZ 4, C4<zzzz>; HiZ drive
v0x55c5e82dc600_0 .net "Wicode", 3 0, o0x7f89dac010a8;  0 drivers
o0x7f89dac010d8 .functor BUFZ 4, C4<zzzz>; HiZ drive
v0x55c5e82dc6e0_0 .net "Wifun", 3 0, o0x7f89dac010d8;  0 drivers
o0x7f89dac01108 .functor BUFZ 64, C4<zzzzzzzzzzzzzzzzzzzzzzzzzzzzzzzzzzzzzzzzzzzzzzzzzzzzzzzzzzzzzzzz>; HiZ drive
v0x55c5e82dc810_0 .net "WvalE", 63 0, o0x7f89dac01108;  0 drivers
o0x7f89dac01138 .functor BUFZ 64, C4<zzzzzzzzzzzzzzzzzzzzzzzzzzzzzzzzzzzzzzzzzzzzzzzzzzzzzzzzzzzzzzzz>; HiZ drive
v0x55c5e82dc8f0_0 .net "WvalM", 63 0, o0x7f89dac01138;  0 drivers
o0x7f89dac01168 .functor BUFZ 1, C4<z>; HiZ drive
v0x55c5e82dc9d0_0 .net "clk", 0 0, o0x7f89dac01168;  0 drivers
v0x55c5e82dca90 .array "rm", 14 0, 63 0;
v0x55c5e82dcb50_0 .var "rm0", 63 0;
v0x55c5e82dcc30_0 .var "rm1", 63 0;
v0x55c5e82dcd10_0 .var "rm10", 63 0;
v0x55c5e82dcdf0_0 .var "rm11", 63 0;
v0x55c5e82dced0_0 .var "rm12", 63 0;
v0x55c5e82dcfb0_0 .var "rm13", 63 0;
v0x55c5e82dd090_0 .var "rm14", 63 0;
v0x55c5e82dd170_0 .var "rm2", 63 0;
v0x55c5e82dd250_0 .var "rm3", 63 0;
v0x55c5e82dd330_0 .var "rm4", 63 0;
v0x55c5e82dd410_0 .var "rm5", 63 0;
v0x55c5e82dd4f0_0 .var "rm6", 63 0;
v0x55c5e82dd5d0_0 .var "rm7", 63 0;
v0x55c5e82dd6b0_0 .var "rm8", 63 0;
v0x55c5e82dd790_0 .var "rm9", 63 0;
E_0x55c5e82b7580 .event negedge, v0x55c5e82dc9d0_0;
    .scope S_0x55c5e827f120;
T_0 ;
    %pushi/vec4 0, 0, 64;
    %ix/load 4, 0, 0;
    %flag_set/imm 4, 0;
    %store/vec4a v0x55c5e82dca90, 4, 0;
    %pushi/vec4 1, 0, 64;
    %ix/load 4, 1, 0;
    %flag_set/imm 4, 0;
    %store/vec4a v0x55c5e82dca90, 4, 0;
    %pushi/vec4 2, 0, 64;
    %ix/load 4, 2, 0;
    %flag_set/imm 4, 0;
    %store/vec4a v0x55c5e82dca90, 4, 0;
    %pushi/vec4 3, 0, 64;
    %ix/load 4, 3, 0;
    %flag_set/imm 4, 0;
    %store/vec4a v0x55c5e82dca90, 4, 0;
    %pushi/vec4 4, 0, 64;
    %ix/load 4, 4, 0;
    %flag_set/imm 4, 0;
    %store/vec4a v0x55c5e82dca90, 4, 0;
    %pushi/vec4 5, 0, 64;
    %ix/load 4, 5, 0;
    %flag_set/imm 4, 0;
    %store/vec4a v0x55c5e82dca90, 4, 0;
    %pushi/vec4 6, 0, 64;
    %ix/load 4, 6, 0;
    %flag_set/imm 4, 0;
    %store/vec4a v0x55c5e82dca90, 4, 0;
    %pushi/vec4 7, 0, 64;
    %ix/load 4, 7, 0;
    %flag_set/imm 4, 0;
    %store/vec4a v0x55c5e82dca90, 4, 0;
    %pushi/vec4 8, 0, 64;
    %ix/load 4, 8, 0;
    %flag_set/imm 4, 0;
    %store/vec4a v0x55c5e82dca90, 4, 0;
    %pushi/vec4 9, 0, 64;
    %ix/load 4, 9, 0;
    %flag_set/imm 4, 0;
    %store/vec4a v0x55c5e82dca90, 4, 0;
    %pushi/vec4 10, 0, 64;
    %ix/load 4, 10, 0;
    %flag_set/imm 4, 0;
    %store/vec4a v0x55c5e82dca90, 4, 0;
    %pushi/vec4 11, 0, 64;
    %ix/load 4, 11, 0;
    %flag_set/imm 4, 0;
    %store/vec4a v0x55c5e82dca90, 4, 0;
    %pushi/vec4 12, 0, 64;
    %ix/load 4, 12, 0;
    %flag_set/imm 4, 0;
    %store/vec4a v0x55c5e82dca90, 4, 0;
    %pushi/vec4 13, 0, 64;
    %ix/load 4, 13, 0;
    %flag_set/imm 4, 0;
    %store/vec4a v0x55c5e82dca90, 4, 0;
    %pushi/vec4 14, 0, 64;
    %ix/load 4, 14, 0;
    %flag_set/imm 4, 0;
    %store/vec4a v0x55c5e82dca90, 4, 0;
    %end;
    .thread T_0;
    .scope S_0x55c5e827f120;
T_1 ;
    %wait E_0x55c5e82b7580;
    %load/vec4 v0x55c5e82dc600_0;
    %pushi/vec4 2, 0, 4;
    %cmp/e;
    %flag_get/vec4 4;
    %load/vec4 v0x55c5e82dc6e0_0;
    %pushi/vec4 0, 0, 4;
    %cmp/e;
    %flag_get/vec4 4;
    %and;
    %flag_set/vec4 8;
    %jmp/0xz  T_1.0, 8;
    %load/vec4 v0x55c5e82dc810_0;
    %load/vec4 v0x55c5e82dc460_0;
    %pad/u 6;
    %ix/vec4 4;
    %store/vec4a v0x55c5e82dca90, 4, 0;
T_1.0 ;
    %load/vec4 v0x55c5e82dc600_0;
    %pushi/vec4 2, 0, 4;
    %cmp/e;
    %flag_get/vec4 4;
    %load/vec4 v0x55c5e82dc6e0_0;
    %pushi/vec4 0, 0, 4;
    %cmp/e;
    %flag_get/vec4 4;
    %inv;
    %and;
    %load/vec4 v0x55c5e82ac1d0_0;
    %pad/u 32;
    %pushi/vec4 1, 0, 32;
    %cmp/e;
    %flag_get/vec4 4;
    %and;
    %flag_set/vec4 8;
    %jmp/0xz  T_1.2, 8;
    %load/vec4 v0x55c5e82dc810_0;
    %load/vec4 v0x55c5e82dc460_0;
    %pad/u 6;
    %ix/vec4 4;
    %store/vec4a v0x55c5e82dca90, 4, 0;
    %jmp T_1.3;
T_1.2 ;
    %load/vec4 v0x55c5e82dc600_0;
    %cmpi/e 3, 0, 4;
    %jmp/0xz  T_1.4, 4;
    %pushi/vec4 5, 0, 64;
    %ix/load 4, 4, 0;
    %flag_set/imm 4, 0;
    %store/vec4a v0x55c5e82dca90, 4, 0;
    %jmp T_1.5;
T_1.4 ;
    %load/vec4 v0x55c5e82dc600_0;
    %cmpi/e 5, 0, 4;
    %jmp/0xz  T_1.6, 4;
    %load/vec4 v0x55c5e82dc8f0_0;
    %load/vec4 v0x55c5e82dc540_0;
    %pad/u 6;
    %ix/vec4 4;
    %store/vec4a v0x55c5e82dca90, 4, 0;
    %jmp T_1.7;
T_1.6 ;
    %load/vec4 v0x55c5e82dc600_0;
    %cmpi/e 6, 0, 4;
    %jmp/0xz  T_1.8, 4;
    %load/vec4 v0x55c5e82dc810_0;
    %load/vec4 v0x55c5e82dc460_0;
    %pad/u 6;
    %ix/vec4 4;
    %store/vec4a v0x55c5e82dca90, 4, 0;
    %jmp T_1.9;
T_1.8 ;
    %load/vec4 v0x55c5e82dc600_0;
    %cmpi/e 8, 0, 4;
    %jmp/0xz  T_1.10, 4;
    %load/vec4 v0x55c5e82dc810_0;
    %ix/load 4, 4, 0;
    %flag_set/imm 4, 0;
    %store/vec4a v0x55c5e82dca90, 4, 0;
    %jmp T_1.11;
T_1.10 ;
    %load/vec4 v0x55c5e82dc600_0;
    %cmpi/e 9, 0, 4;
    %jmp/0xz  T_1.12, 4;
    %load/vec4 v0x55c5e82dc810_0;
    %ix/load 4, 4, 0;
    %flag_set/imm 4, 0;
    %store/vec4a v0x55c5e82dca90, 4, 0;
    %jmp T_1.13;
T_1.12 ;
    %load/vec4 v0x55c5e82dc600_0;
    %cmpi/e 10, 0, 4;
    %jmp/0xz  T_1.14, 4;
    %load/vec4 v0x55c5e82dc810_0;
    %ix/load 4, 4, 0;
    %flag_set/imm 4, 0;
    %store/vec4a v0x55c5e82dca90, 4, 0;
    %jmp T_1.15;
T_1.14 ;
    %load/vec4 v0x55c5e82dc600_0;
    %cmpi/e 11, 0, 4;
    %jmp/0xz  T_1.16, 4;
    %load/vec4 v0x55c5e82dc810_0;
    %ix/load 4, 4, 0;
    %flag_set/imm 4, 0;
    %store/vec4a v0x55c5e82dca90, 4, 0;
    %load/vec4 v0x55c5e82dc8f0_0;
    %load/vec4 v0x55c5e82dc540_0;
    %pad/u 6;
    %ix/vec4 4;
    %store/vec4a v0x55c5e82dca90, 4, 0;
T_1.16 ;
T_1.15 ;
T_1.13 ;
T_1.11 ;
T_1.9 ;
T_1.7 ;
T_1.5 ;
T_1.3 ;
    %ix/load 4, 0, 0;
    %flag_set/imm 4, 0;
    %load/vec4a v0x55c5e82dca90, 4;
    %store/vec4 v0x55c5e82dcb50_0, 0, 64;
    %ix/load 4, 1, 0;
    %flag_set/imm 4, 0;
    %load/vec4a v0x55c5e82dca90, 4;
    %store/vec4 v0x55c5e82dcc30_0, 0, 64;
    %ix/load 4, 2, 0;
    %flag_set/imm 4, 0;
    %load/vec4a v0x55c5e82dca90, 4;
    %store/vec4 v0x55c5e82dd170_0, 0, 64;
    %ix/load 4, 3, 0;
    %flag_set/imm 4, 0;
    %load/vec4a v0x55c5e82dca90, 4;
    %store/vec4 v0x55c5e82dd250_0, 0, 64;
    %ix/load 4, 4, 0;
    %flag_set/imm 4, 0;
    %load/vec4a v0x55c5e82dca90, 4;
    %store/vec4 v0x55c5e82dd330_0, 0, 64;
    %ix/load 4, 5, 0;
    %flag_set/imm 4, 0;
    %load/vec4a v0x55c5e82dca90, 4;
    %store/vec4 v0x55c5e82dd410_0, 0, 64;
    %ix/load 4, 6, 0;
    %flag_set/imm 4, 0;
    %load/vec4a v0x55c5e82dca90, 4;
    %store/vec4 v0x55c5e82dd4f0_0, 0, 64;
    %ix/load 4, 7, 0;
    %flag_set/imm 4, 0;
    %load/vec4a v0x55c5e82dca90, 4;
    %store/vec4 v0x55c5e82dd5d0_0, 0, 64;
    %ix/load 4, 8, 0;
    %flag_set/imm 4, 0;
    %load/vec4a v0x55c5e82dca90, 4;
    %store/vec4 v0x55c5e82dd6b0_0, 0, 64;
    %ix/load 4, 9, 0;
    %flag_set/imm 4, 0;
    %load/vec4a v0x55c5e82dca90, 4;
    %store/vec4 v0x55c5e82dd790_0, 0, 64;
    %ix/load 4, 10, 0;
    %flag_set/imm 4, 0;
    %load/vec4a v0x55c5e82dca90, 4;
    %store/vec4 v0x55c5e82dcd10_0, 0, 64;
    %ix/load 4, 11, 0;
    %flag_set/imm 4, 0;
    %load/vec4a v0x55c5e82dca90, 4;
    %store/vec4 v0x55c5e82dcdf0_0, 0, 64;
    %ix/load 4, 12, 0;
    %flag_set/imm 4, 0;
    %load/vec4a v0x55c5e82dca90, 4;
    %store/vec4 v0x55c5e82dced0_0, 0, 64;
    %ix/load 4, 13, 0;
    %flag_set/imm 4, 0;
    %load/vec4a v0x55c5e82dca90, 4;
    %store/vec4 v0x55c5e82dcfb0_0, 0, 64;
    %ix/load 4, 14, 0;
    %flag_set/imm 4, 0;
    %load/vec4a v0x55c5e82dca90, 4;
    %store/vec4 v0x55c5e82dd090_0, 0, 64;
    %jmp T_1;
    .thread T_1;
# The file index is used to find the file name in the following table.
:file_names 3;
    "N/A";
    "<interactive>";
    "write_back.v";
